[ 50%] [32mBuilding CXX object CMakeFiles/sys_status_publisher.dir/src/sys_status_publisher.cpp.o[0m
[100%] [32m[1mLinking CXX executable sys_status_publisher[0m
[100%] Built target sys_status_publisher
-- Install configuration: ""
-- Installing: /home/darkhorse/project/ros2/CHAPT3/topic_sys_monitor_ws/install/status_publisher/lib/status_publisher/sys_status_publisher
-- Set non-toolchain portion of runtime path of "/home/darkhorse/project/ros2/CHAPT3/topic_sys_monitor_ws/install/status_publisher/lib/status_publisher/sys_status_publisher" to ""
-- Up-to-date: /home/darkhorse/project/ros2/CHAPT3/topic_sys_monitor_ws/install/status_publisher/share/ament_index/resource_index/package_run_dependencies/status_publisher
-- Up-to-date: /home/darkhorse/project/ros2/CHAPT3/topic_sys_monitor_ws/install/status_publisher/share/ament_index/resource_index/parent_prefix_path/status_publisher
-- Up-to-date: /home/darkhorse/project/ros2/CHAPT3/topic_sys_monitor_ws/install/status_publisher/share/status_publisher/environment/ament_prefix_path.sh
-- Up-to-date: /home/darkhorse/project/ros2/CHAPT3/topic_sys_monitor_ws/install/status_publisher/share/status_publisher/environment/ament_prefix_path.dsv
-- Up-to-date: /home/darkhorse/project/ros2/CHAPT3/topic_sys_monitor_ws/install/status_publisher/share/status_publisher/environment/path.sh
-- Up-to-date: /home/darkhorse/project/ros2/CHAPT3/topic_sys_monitor_ws/install/status_publisher/share/status_publisher/environment/path.dsv
-- Up-to-date: /home/darkhorse/project/ros2/CHAPT3/topic_sys_monitor_ws/install/status_publisher/share/status_publisher/local_setup.bash
-- Up-to-date: /home/darkhorse/project/ros2/CHAPT3/topic_sys_monitor_ws/install/status_publisher/share/status_publisher/local_setup.sh
-- Up-to-date: /home/darkhorse/project/ros2/CHAPT3/topic_sys_monitor_ws/install/status_publisher/share/status_publisher/local_setup.zsh
-- Up-to-date: /home/darkhorse/project/ros2/CHAPT3/topic_sys_monitor_ws/install/status_publisher/share/status_publisher/local_setup.dsv
-- Installing: /home/darkhorse/project/ros2/CHAPT3/topic_sys_monitor_ws/install/status_publisher/share/status_publisher/package.dsv
-- Up-to-date: /home/darkhorse/project/ros2/CHAPT3/topic_sys_monitor_ws/install/status_publisher/share/ament_index/resource_index/packages/status_publisher
-- Up-to-date: /home/darkhorse/project/ros2/CHAPT3/topic_sys_monitor_ws/install/status_publisher/share/status_publisher/cmake/status_publisherConfig.cmake
-- Up-to-date: /home/darkhorse/project/ros2/CHAPT3/topic_sys_monitor_ws/install/status_publisher/share/status_publisher/cmake/status_publisherConfig-version.cmake
-- Installing: /home/darkhorse/project/ros2/CHAPT3/topic_sys_monitor_ws/install/status_publisher/share/status_publisher/package.xml
