[0.038s] Invoking command in '/home/darkhorse/project/ros2/CHAPT3/topic_sys_monitor_ws/build/status_display': CMAKE_PREFIX_PATH=/home/darkhorse/project/ros2/CHAPT3/topic_sys_monitor_ws/install/status_interfaces:/home/darkhorse/project/ros2/CHAPT3/topic_sys_monitor_ws/install/status_publisher:/home/darkhorse/project/ros2/CHAPT3/topic_sys_monitor_ws/install/status_display:/opt/ros/jazzy/opt/gz_math_vendor:/opt/ros/jazzy/opt/gz_utils_vendor:/opt/ros/jazzy/opt/gz_cmake_vendor:/opt/ros/jazzy DEBUGINFOD_URLS=https://debuginfod.ubuntu.com /usr/bin/cmake --build /home/darkhorse/project/ros2/CHAPT3/topic_sys_monitor_ws/build/status_display -- -j8 -l8
[0.090s] [ 50%] [32mBuilding CXX object CMakeFiles/sys_status_display.dir/src/sys_status_display.cpp.o[0m
[7.136s] [100%] [32m[1mLinking CXX executable sys_status_display[0m
[8.232s] [100%] Built target sys_status_display
[8.250s] Invoked command in '/home/darkhorse/project/ros2/CHAPT3/topic_sys_monitor_ws/build/status_display' returned '0': CMAKE_PREFIX_PATH=/home/darkhorse/project/ros2/CHAPT3/topic_sys_monitor_ws/install/status_interfaces:/home/darkhorse/project/ros2/CHAPT3/topic_sys_monitor_ws/install/status_publisher:/home/darkhorse/project/ros2/CHAPT3/topic_sys_monitor_ws/install/status_display:/opt/ros/jazzy/opt/gz_math_vendor:/opt/ros/jazzy/opt/gz_utils_vendor:/opt/ros/jazzy/opt/gz_cmake_vendor:/opt/ros/jazzy DEBUGINFOD_URLS=https://debuginfod.ubuntu.com /usr/bin/cmake --build /home/darkhorse/project/ros2/CHAPT3/topic_sys_monitor_ws/build/status_display -- -j8 -l8
[8.251s] Invoking command in '/home/darkhorse/project/ros2/CHAPT3/topic_sys_monitor_ws/build/status_display': CMAKE_PREFIX_PATH=/home/darkhorse/project/ros2/CHAPT3/topic_sys_monitor_ws/install/status_interfaces:/home/darkhorse/project/ros2/CHAPT3/topic_sys_monitor_ws/install/status_publisher:/home/darkhorse/project/ros2/CHAPT3/topic_sys_monitor_ws/install/status_display:/opt/ros/jazzy/opt/gz_math_vendor:/opt/ros/jazzy/opt/gz_utils_vendor:/opt/ros/jazzy/opt/gz_cmake_vendor:/opt/ros/jazzy DEBUGINFOD_URLS=https://debuginfod.ubuntu.com /usr/bin/cmake --install /home/darkhorse/project/ros2/CHAPT3/topic_sys_monitor_ws/build/status_display
[8.259s] -- Install configuration: ""
[8.260s] -- Installing: /home/darkhorse/project/ros2/CHAPT3/topic_sys_monitor_ws/install/status_display/lib/status_display/sys_status_display
[8.266s] -- Set non-toolchain portion of runtime path of "/home/darkhorse/project/ros2/CHAPT3/topic_sys_monitor_ws/install/status_display/lib/status_display/sys_status_display" to ""
[8.267s] -- Up-to-date: /home/darkhorse/project/ros2/CHAPT3/topic_sys_monitor_ws/install/status_display/share/ament_index/resource_index/package_run_dependencies/status_display
[8.267s] -- Up-to-date: /home/darkhorse/project/ros2/CHAPT3/topic_sys_monitor_ws/install/status_display/share/ament_index/resource_index/parent_prefix_path/status_display
[8.267s] -- Up-to-date: /home/darkhorse/project/ros2/CHAPT3/topic_sys_monitor_ws/install/status_display/share/status_display/environment/ament_prefix_path.sh
[8.267s] -- Up-to-date: /home/darkhorse/project/ros2/CHAPT3/topic_sys_monitor_ws/install/status_display/share/status_display/environment/ament_prefix_path.dsv
[8.267s] -- Up-to-date: /home/darkhorse/project/ros2/CHAPT3/topic_sys_monitor_ws/install/status_display/share/status_display/environment/path.sh
[8.268s] -- Up-to-date: /home/darkhorse/project/ros2/CHAPT3/topic_sys_monitor_ws/install/status_display/share/status_display/environment/path.dsv
[8.268s] -- Up-to-date: /home/darkhorse/project/ros2/CHAPT3/topic_sys_monitor_ws/install/status_display/share/status_display/local_setup.bash
[8.268s] -- Up-to-date: /home/darkhorse/project/ros2/CHAPT3/topic_sys_monitor_ws/install/status_display/share/status_display/local_setup.sh
[8.268s] -- Up-to-date: /home/darkhorse/project/ros2/CHAPT3/topic_sys_monitor_ws/install/status_display/share/status_display/local_setup.zsh
[8.268s] -- Up-to-date: /home/darkhorse/project/ros2/CHAPT3/topic_sys_monitor_ws/install/status_display/share/status_display/local_setup.dsv
[8.268s] -- Installing: /home/darkhorse/project/ros2/CHAPT3/topic_sys_monitor_ws/install/status_display/share/status_display/package.dsv
[8.268s] -- Up-to-date: /home/darkhorse/project/ros2/CHAPT3/topic_sys_monitor_ws/install/status_display/share/ament_index/resource_index/packages/status_display
[8.268s] -- Up-to-date: /home/darkhorse/project/ros2/CHAPT3/topic_sys_monitor_ws/install/status_display/share/status_display/cmake/status_displayConfig.cmake
[8.268s] -- Up-to-date: /home/darkhorse/project/ros2/CHAPT3/topic_sys_monitor_ws/install/status_display/share/status_display/cmake/status_displayConfig-version.cmake
[8.268s] -- Up-to-date: /home/darkhorse/project/ros2/CHAPT3/topic_sys_monitor_ws/install/status_display/share/status_display/package.xml
[8.270s] Invoked command in '/home/darkhorse/project/ros2/CHAPT3/topic_sys_monitor_ws/build/status_display' returned '0': CMAKE_PREFIX_PATH=/home/darkhorse/project/ros2/CHAPT3/topic_sys_monitor_ws/install/status_interfaces:/home/darkhorse/project/ros2/CHAPT3/topic_sys_monitor_ws/install/status_publisher:/home/darkhorse/project/ros2/CHAPT3/topic_sys_monitor_ws/install/status_display:/opt/ros/jazzy/opt/gz_math_vendor:/opt/ros/jazzy/opt/gz_utils_vendor:/opt/ros/jazzy/opt/gz_cmake_vendor:/opt/ros/jazzy DEBUGINFOD_URLS=https://debuginfod.ubuntu.com /usr/bin/cmake --install /home/darkhorse/project/ros2/CHAPT3/topic_sys_monitor_ws/build/status_display
