[0.072s] DEBUG:colcon:Command line arguments: ['/usr/bin/colcon', 'build']
[0.072s] DEBUG:colcon:Parsed command line arguments: Namespace(log_base=None, log_level=None, verb_name='build', build_base='build', install_base='install', merge_install=False, symlink_install=False, test_result_base=None, continue_on_error=False, executor='parallel', parallel_workers=8, event_handlers=None, ignore_user_meta=False, metas=['./colcon.meta'], base_paths=['.'], packages_ignore=None, packages_ignore_regex=None, paths=None, packages_up_to=None, packages_up_to_regex=None, packages_above=None, packages_above_and_dependencies=None, packages_above_depth=None, packages_select_by_dep=None, packages_skip_by_dep=None, packages_skip_up_to=None, packages_select_build_failed=False, packages_skip_build_finished=False, packages_select_test_failures=False, packages_skip_test_passed=False, packages_select=None, packages_skip=None, packages_select_regex=None, packages_skip_regex=None, packages_start=None, packages_end=None, cmake_args=None, cmake_target=None, cmake_target_skip_unavailable=False, cmake_clean_cache=False, cmake_clean_first=False, cmake_force_configure=False, ament_cmake_args=None, catkin_cmake_args=None, catkin_skip_building_tests=False, verb_parser=<colcon_defaults.argument_parser.defaults.DefaultArgumentsDecorator object at 0x7d6bb54f8f80>, verb_extension=<colcon_core.verb.build.BuildVerb object at 0x7d6bb54f8bc0>, main=<bound method BuildVerb.main of <colcon_core.verb.build.BuildVerb object at 0x7d6bb54f8bc0>>)
[0.098s] Level 1:colcon.colcon_core.package_discovery:discover_packages(colcon_meta) check parameters
[0.098s] Level 1:colcon.colcon_core.package_discovery:discover_packages(recursive) check parameters
[0.098s] Level 1:colcon.colcon_core.package_discovery:discover_packages(ignore) check parameters
[0.098s] Level 1:colcon.colcon_core.package_discovery:discover_packages(path) check parameters
[0.098s] Level 1:colcon.colcon_core.package_discovery:discover_packages(colcon_meta) discover
[0.098s] Level 1:colcon.colcon_core.package_discovery:discover_packages(recursive) discover
[0.098s] INFO:colcon.colcon_core.package_discovery:Crawling recursively for packages in '/home/darkhorse/project/ros2/CHAPT3/topic_sys_monitor_ws'
[0.098s] Level 1:colcon.colcon_core.package_identification:_identify(.) by extensions ['ignore', 'ignore_ament_install']
[0.099s] Level 1:colcon.colcon_core.package_identification:_identify(.) by extension 'ignore'
[0.099s] Level 1:colcon.colcon_core.package_identification:_identify(.) by extension 'ignore_ament_install'
[0.099s] Level 1:colcon.colcon_core.package_identification:_identify(.) by extensions ['colcon_pkg']
[0.099s] Level 1:colcon.colcon_core.package_identification:_identify(.) by extension 'colcon_pkg'
[0.099s] Level 1:colcon.colcon_core.package_identification:_identify(.) by extensions ['colcon_meta']
[0.099s] Level 1:colcon.colcon_core.package_identification:_identify(.) by extension 'colcon_meta'
[0.099s] Level 1:colcon.colcon_core.package_identification:_identify(.) by extensions ['ros']
[0.099s] Level 1:colcon.colcon_core.package_identification:_identify(.) by extension 'ros'
[0.122s] Level 1:colcon.colcon_core.package_identification:_identify(.) by extensions ['cmake', 'python']
[0.122s] Level 1:colcon.colcon_core.package_identification:_identify(.) by extension 'cmake'
[0.122s] Level 1:colcon.colcon_core.package_identification:_identify(.) by extension 'python'
[0.122s] Level 1:colcon.colcon_core.package_identification:_identify(.) by extensions ['python_setup_py']
[0.122s] Level 1:colcon.colcon_core.package_identification:_identify(.) by extension 'python_setup_py'
[0.123s] Level 1:colcon.colcon_core.package_identification:_identify(build) by extensions ['ignore', 'ignore_ament_install']
[0.123s] Level 1:colcon.colcon_core.package_identification:_identify(build) by extension 'ignore'
[0.123s] Level 1:colcon.colcon_core.package_identification:_identify(build) ignored
[0.123s] Level 1:colcon.colcon_core.package_identification:_identify(install) by extensions ['ignore', 'ignore_ament_install']
[0.123s] Level 1:colcon.colcon_core.package_identification:_identify(install) by extension 'ignore'
[0.123s] Level 1:colcon.colcon_core.package_identification:_identify(install) ignored
[0.123s] Level 1:colcon.colcon_core.package_identification:_identify(log) by extensions ['ignore', 'ignore_ament_install']
[0.123s] Level 1:colcon.colcon_core.package_identification:_identify(log) by extension 'ignore'
[0.124s] Level 1:colcon.colcon_core.package_identification:_identify(log) ignored
[0.124s] Level 1:colcon.colcon_core.package_identification:_identify(src) by extensions ['ignore', 'ignore_ament_install']
[0.124s] Level 1:colcon.colcon_core.package_identification:_identify(src) by extension 'ignore'
[0.124s] Level 1:colcon.colcon_core.package_identification:_identify(src) by extension 'ignore_ament_install'
[0.124s] Level 1:colcon.colcon_core.package_identification:_identify(src) by extensions ['colcon_pkg']
[0.124s] Level 1:colcon.colcon_core.package_identification:_identify(src) by extension 'colcon_pkg'
[0.124s] Level 1:colcon.colcon_core.package_identification:_identify(src) by extensions ['colcon_meta']
[0.124s] Level 1:colcon.colcon_core.package_identification:_identify(src) by extension 'colcon_meta'
[0.124s] Level 1:colcon.colcon_core.package_identification:_identify(src) by extensions ['ros']
[0.124s] Level 1:colcon.colcon_core.package_identification:_identify(src) by extension 'ros'
[0.124s] Level 1:colcon.colcon_core.package_identification:_identify(src) by extensions ['cmake', 'python']
[0.124s] Level 1:colcon.colcon_core.package_identification:_identify(src) by extension 'cmake'
[0.124s] Level 1:colcon.colcon_core.package_identification:_identify(src) by extension 'python'
[0.124s] Level 1:colcon.colcon_core.package_identification:_identify(src) by extensions ['python_setup_py']
[0.124s] Level 1:colcon.colcon_core.package_identification:_identify(src) by extension 'python_setup_py'
[0.124s] Level 1:colcon.colcon_core.package_identification:_identify(src/status_display) by extensions ['ignore', 'ignore_ament_install']
[0.124s] Level 1:colcon.colcon_core.package_identification:_identify(src/status_display) by extension 'ignore'
[0.124s] Level 1:colcon.colcon_core.package_identification:_identify(src/status_display) by extension 'ignore_ament_install'
[0.124s] Level 1:colcon.colcon_core.package_identification:_identify(src/status_display) by extensions ['colcon_pkg']
[0.124s] Level 1:colcon.colcon_core.package_identification:_identify(src/status_display) by extension 'colcon_pkg'
[0.124s] Level 1:colcon.colcon_core.package_identification:_identify(src/status_display) by extensions ['colcon_meta']
[0.124s] Level 1:colcon.colcon_core.package_identification:_identify(src/status_display) by extension 'colcon_meta'
[0.124s] Level 1:colcon.colcon_core.package_identification:_identify(src/status_display) by extensions ['ros']
[0.124s] Level 1:colcon.colcon_core.package_identification:_identify(src/status_display) by extension 'ros'
[0.127s] DEBUG:colcon.colcon_core.package_identification:Package 'src/status_display' with type 'ros.ament_cmake' and name 'status_display'
[0.127s] Level 1:colcon.colcon_core.package_identification:_identify(src/status_interfaces) by extensions ['ignore', 'ignore_ament_install']
[0.127s] Level 1:colcon.colcon_core.package_identification:_identify(src/status_interfaces) by extension 'ignore'
[0.127s] Level 1:colcon.colcon_core.package_identification:_identify(src/status_interfaces) by extension 'ignore_ament_install'
[0.127s] Level 1:colcon.colcon_core.package_identification:_identify(src/status_interfaces) by extensions ['colcon_pkg']
[0.127s] Level 1:colcon.colcon_core.package_identification:_identify(src/status_interfaces) by extension 'colcon_pkg'
[0.127s] Level 1:colcon.colcon_core.package_identification:_identify(src/status_interfaces) by extensions ['colcon_meta']
[0.127s] Level 1:colcon.colcon_core.package_identification:_identify(src/status_interfaces) by extension 'colcon_meta'
[0.127s] Level 1:colcon.colcon_core.package_identification:_identify(src/status_interfaces) by extensions ['ros']
[0.127s] Level 1:colcon.colcon_core.package_identification:_identify(src/status_interfaces) by extension 'ros'
[0.128s] DEBUG:colcon.colcon_core.package_identification:Package 'src/status_interfaces' with type 'ros.ament_cmake' and name 'status_interfaces'
[0.128s] Level 1:colcon.colcon_core.package_identification:_identify(src/status_publisher) by extensions ['ignore', 'ignore_ament_install']
[0.128s] Level 1:colcon.colcon_core.package_identification:_identify(src/status_publisher) by extension 'ignore'
[0.128s] Level 1:colcon.colcon_core.package_identification:_identify(src/status_publisher) by extension 'ignore_ament_install'
[0.128s] Level 1:colcon.colcon_core.package_identification:_identify(src/status_publisher) by extensions ['colcon_pkg']
[0.128s] Level 1:colcon.colcon_core.package_identification:_identify(src/status_publisher) by extension 'colcon_pkg'
[0.128s] Level 1:colcon.colcon_core.package_identification:_identify(src/status_publisher) by extensions ['colcon_meta']
[0.128s] Level 1:colcon.colcon_core.package_identification:_identify(src/status_publisher) by extension 'colcon_meta'
[0.128s] Level 1:colcon.colcon_core.package_identification:_identify(src/status_publisher) by extensions ['ros']
[0.128s] Level 1:colcon.colcon_core.package_identification:_identify(src/status_publisher) by extension 'ros'
[0.128s] DEBUG:colcon.colcon_core.package_identification:Package 'src/status_publisher' with type 'ros.ament_cmake' and name 'status_publisher'
[0.128s] Level 1:colcon.colcon_core.package_discovery:discover_packages(recursive) using defaults
[0.128s] Level 1:colcon.colcon_core.package_discovery:discover_packages(ignore) discover
[0.128s] Level 1:colcon.colcon_core.package_discovery:discover_packages(ignore) using defaults
[0.128s] Level 1:colcon.colcon_core.package_discovery:discover_packages(path) discover
[0.128s] Level 1:colcon.colcon_core.package_discovery:discover_packages(path) using defaults
[0.144s] Level 5:colcon.colcon_core.verb:set package 'status_interfaces' build argument 'cmake_args' from command line to 'None'
[0.144s] Level 5:colcon.colcon_core.verb:set package 'status_interfaces' build argument 'cmake_target' from command line to 'None'
[0.144s] Level 5:colcon.colcon_core.verb:set package 'status_interfaces' build argument 'cmake_target_skip_unavailable' from command line to 'False'
[0.144s] Level 5:colcon.colcon_core.verb:set package 'status_interfaces' build argument 'cmake_clean_cache' from command line to 'False'
[0.144s] Level 5:colcon.colcon_core.verb:set package 'status_interfaces' build argument 'cmake_clean_first' from command line to 'False'
[0.144s] Level 5:colcon.colcon_core.verb:set package 'status_interfaces' build argument 'cmake_force_configure' from command line to 'False'
[0.144s] Level 5:colcon.colcon_core.verb:set package 'status_interfaces' build argument 'ament_cmake_args' from command line to 'None'
[0.144s] Level 5:colcon.colcon_core.verb:set package 'status_interfaces' build argument 'catkin_cmake_args' from command line to 'None'
[0.144s] Level 5:colcon.colcon_core.verb:set package 'status_interfaces' build argument 'catkin_skip_building_tests' from command line to 'False'
[0.144s] DEBUG:colcon.colcon_core.verb:Building package 'status_interfaces' with the following arguments: {'ament_cmake_args': None, 'build_base': '/home/darkhorse/project/ros2/CHAPT3/topic_sys_monitor_ws/build/status_interfaces', 'catkin_cmake_args': None, 'catkin_skip_building_tests': False, 'cmake_args': None, 'cmake_clean_cache': False, 'cmake_clean_first': False, 'cmake_force_configure': False, 'cmake_target': None, 'cmake_target_skip_unavailable': False, 'install_base': '/home/darkhorse/project/ros2/CHAPT3/topic_sys_monitor_ws/install/status_interfaces', 'merge_install': False, 'path': '/home/darkhorse/project/ros2/CHAPT3/topic_sys_monitor_ws/src/status_interfaces', 'symlink_install': False, 'test_result_base': None}
[0.145s] Level 5:colcon.colcon_core.verb:set package 'status_display' build argument 'cmake_args' from command line to 'None'
[0.145s] Level 5:colcon.colcon_core.verb:set package 'status_display' build argument 'cmake_target' from command line to 'None'
[0.145s] Level 5:colcon.colcon_core.verb:set package 'status_display' build argument 'cmake_target_skip_unavailable' from command line to 'False'
[0.145s] Level 5:colcon.colcon_core.verb:set package 'status_display' build argument 'cmake_clean_cache' from command line to 'False'
[0.145s] Level 5:colcon.colcon_core.verb:set package 'status_display' build argument 'cmake_clean_first' from command line to 'False'
[0.145s] Level 5:colcon.colcon_core.verb:set package 'status_display' build argument 'cmake_force_configure' from command line to 'False'
[0.145s] Level 5:colcon.colcon_core.verb:set package 'status_display' build argument 'ament_cmake_args' from command line to 'None'
[0.145s] Level 5:colcon.colcon_core.verb:set package 'status_display' build argument 'catkin_cmake_args' from command line to 'None'
[0.145s] Level 5:colcon.colcon_core.verb:set package 'status_display' build argument 'catkin_skip_building_tests' from command line to 'False'
[0.145s] DEBUG:colcon.colcon_core.verb:Building package 'status_display' with the following arguments: {'ament_cmake_args': None, 'build_base': '/home/darkhorse/project/ros2/CHAPT3/topic_sys_monitor_ws/build/status_display', 'catkin_cmake_args': None, 'catkin_skip_building_tests': False, 'cmake_args': None, 'cmake_clean_cache': False, 'cmake_clean_first': False, 'cmake_force_configure': False, 'cmake_target': None, 'cmake_target_skip_unavailable': False, 'install_base': '/home/darkhorse/project/ros2/CHAPT3/topic_sys_monitor_ws/install/status_display', 'merge_install': False, 'path': '/home/darkhorse/project/ros2/CHAPT3/topic_sys_monitor_ws/src/status_display', 'symlink_install': False, 'test_result_base': None}
[0.145s] Level 5:colcon.colcon_core.verb:set package 'status_publisher' build argument 'cmake_args' from command line to 'None'
[0.145s] Level 5:colcon.colcon_core.verb:set package 'status_publisher' build argument 'cmake_target' from command line to 'None'
[0.145s] Level 5:colcon.colcon_core.verb:set package 'status_publisher' build argument 'cmake_target_skip_unavailable' from command line to 'False'
[0.145s] Level 5:colcon.colcon_core.verb:set package 'status_publisher' build argument 'cmake_clean_cache' from command line to 'False'
[0.145s] Level 5:colcon.colcon_core.verb:set package 'status_publisher' build argument 'cmake_clean_first' from command line to 'False'
[0.145s] Level 5:colcon.colcon_core.verb:set package 'status_publisher' build argument 'cmake_force_configure' from command line to 'False'
[0.145s] Level 5:colcon.colcon_core.verb:set package 'status_publisher' build argument 'ament_cmake_args' from command line to 'None'
[0.145s] Level 5:colcon.colcon_core.verb:set package 'status_publisher' build argument 'catkin_cmake_args' from command line to 'None'
[0.145s] Level 5:colcon.colcon_core.verb:set package 'status_publisher' build argument 'catkin_skip_building_tests' from command line to 'False'
[0.145s] DEBUG:colcon.colcon_core.verb:Building package 'status_publisher' with the following arguments: {'ament_cmake_args': None, 'build_base': '/home/darkhorse/project/ros2/CHAPT3/topic_sys_monitor_ws/build/status_publisher', 'catkin_cmake_args': None, 'catkin_skip_building_tests': False, 'cmake_args': None, 'cmake_clean_cache': False, 'cmake_clean_first': False, 'cmake_force_configure': False, 'cmake_target': None, 'cmake_target_skip_unavailable': False, 'install_base': '/home/darkhorse/project/ros2/CHAPT3/topic_sys_monitor_ws/install/status_publisher', 'merge_install': False, 'path': '/home/darkhorse/project/ros2/CHAPT3/topic_sys_monitor_ws/src/status_publisher', 'symlink_install': False, 'test_result_base': None}
[0.145s] INFO:colcon.colcon_core.executor:Executing jobs using 'parallel' executor
[0.146s] DEBUG:colcon.colcon_parallel_executor.executor.parallel:run_until_complete
[0.146s] INFO:colcon.colcon_ros.task.ament_cmake.build:Building ROS package in '/home/darkhorse/project/ros2/CHAPT3/topic_sys_monitor_ws/src/status_interfaces' with build type 'ament_cmake'
[0.146s] INFO:colcon.colcon_cmake.task.cmake.build:Building CMake package in '/home/darkhorse/project/ros2/CHAPT3/topic_sys_monitor_ws/src/status_interfaces'
[0.147s] INFO:colcon.colcon_core.plugin_system:Skipping extension 'colcon_core.shell.bat': Not used on non-Windows systems
[0.147s] DEBUG:colcon.colcon_core.shell:Skip shell extension 'dsv' for command environment
[0.156s] DEBUG:colcon.colcon_core.event_handler.log_command:Invoking command in '/home/darkhorse/project/ros2/CHAPT3/topic_sys_monitor_ws/build/status_interfaces': CMAKE_PREFIX_PATH=${CMAKE_PREFIX_PATH}:/opt/ros/jazzy DEBUGINFOD_URLS=https://debuginfod.ubuntu.com /usr/bin/cmake --build /home/darkhorse/project/ros2/CHAPT3/topic_sys_monitor_ws/build/status_interfaces -- -j8 -l8
[0.421s] DEBUG:colcon.colcon_core.event_handler.log_command:Invoked command in '/home/darkhorse/project/ros2/CHAPT3/topic_sys_monitor_ws/build/status_interfaces' returned '0': CMAKE_PREFIX_PATH=${CMAKE_PREFIX_PATH}:/opt/ros/jazzy DEBUGINFOD_URLS=https://debuginfod.ubuntu.com /usr/bin/cmake --build /home/darkhorse/project/ros2/CHAPT3/topic_sys_monitor_ws/build/status_interfaces -- -j8 -l8
[0.429s] DEBUG:colcon.colcon_core.event_handler.log_command:Invoking command in '/home/darkhorse/project/ros2/CHAPT3/topic_sys_monitor_ws/build/status_interfaces': CMAKE_PREFIX_PATH=${CMAKE_PREFIX_PATH}:/opt/ros/jazzy DEBUGINFOD_URLS=https://debuginfod.ubuntu.com /usr/bin/cmake --install /home/darkhorse/project/ros2/CHAPT3/topic_sys_monitor_ws/build/status_interfaces
[0.474s] Level 1:colcon.colcon_core.environment:create_environment_scripts_only(status_interfaces)
[0.475s] DEBUG:colcon.colcon_core.event_handler.log_command:Invoked command in '/home/darkhorse/project/ros2/CHAPT3/topic_sys_monitor_ws/build/status_interfaces' returned '0': CMAKE_PREFIX_PATH=${CMAKE_PREFIX_PATH}:/opt/ros/jazzy DEBUGINFOD_URLS=https://debuginfod.ubuntu.com /usr/bin/cmake --install /home/darkhorse/project/ros2/CHAPT3/topic_sys_monitor_ws/build/status_interfaces
[0.476s] Level 1:colcon.colcon_core.environment:checking '/home/darkhorse/project/ros2/CHAPT3/topic_sys_monitor_ws/install/status_interfaces' for CMake module files
[0.476s] Level 1:colcon.colcon_core.environment:checking '/home/darkhorse/project/ros2/CHAPT3/topic_sys_monitor_ws/install/status_interfaces' for CMake config files
[0.476s] Level 1:colcon.colcon_core.shell:create_environment_hook('status_interfaces', 'cmake_prefix_path')
[0.476s] INFO:colcon.colcon_core.shell:Creating environment descriptor '/home/darkhorse/project/ros2/CHAPT3/topic_sys_monitor_ws/install/status_interfaces/share/status_interfaces/hook/cmake_prefix_path.dsv'
[0.477s] INFO:colcon.colcon_core.shell:Creating environment hook '/home/darkhorse/project/ros2/CHAPT3/topic_sys_monitor_ws/install/status_interfaces/share/status_interfaces/hook/cmake_prefix_path.sh'
[0.477s] Level 1:colcon.colcon_core.environment:checking '/home/darkhorse/project/ros2/CHAPT3/topic_sys_monitor_ws/install/status_interfaces/lib'
[0.477s] Level 1:colcon.colcon_core.shell:create_environment_hook('status_interfaces', 'ld_library_path_lib')
[0.477s] INFO:colcon.colcon_core.shell:Creating environment descriptor '/home/darkhorse/project/ros2/CHAPT3/topic_sys_monitor_ws/install/status_interfaces/share/status_interfaces/hook/ld_library_path_lib.dsv'
[0.477s] INFO:colcon.colcon_core.shell:Creating environment hook '/home/darkhorse/project/ros2/CHAPT3/topic_sys_monitor_ws/install/status_interfaces/share/status_interfaces/hook/ld_library_path_lib.sh'
[0.478s] Level 1:colcon.colcon_core.environment:checking '/home/darkhorse/project/ros2/CHAPT3/topic_sys_monitor_ws/install/status_interfaces/bin'
[0.478s] Level 1:colcon.colcon_core.environment:checking '/home/darkhorse/project/ros2/CHAPT3/topic_sys_monitor_ws/install/status_interfaces/lib/pkgconfig/status_interfaces.pc'
[0.479s] Level 1:colcon.colcon_core.environment:checking '/home/darkhorse/project/ros2/CHAPT3/topic_sys_monitor_ws/install/status_interfaces/lib/python3.12/site-packages'
[0.480s] Level 1:colcon.colcon_core.shell:create_environment_hook('status_interfaces', 'pythonpath')
[0.480s] INFO:colcon.colcon_core.shell:Creating environment descriptor '/home/darkhorse/project/ros2/CHAPT3/topic_sys_monitor_ws/install/status_interfaces/share/status_interfaces/hook/pythonpath.dsv'
[0.480s] INFO:colcon.colcon_core.shell:Creating environment hook '/home/darkhorse/project/ros2/CHAPT3/topic_sys_monitor_ws/install/status_interfaces/share/status_interfaces/hook/pythonpath.sh'
[0.480s] Level 1:colcon.colcon_core.environment:checking '/home/darkhorse/project/ros2/CHAPT3/topic_sys_monitor_ws/install/status_interfaces/bin'
[0.480s] INFO:colcon.colcon_core.shell:Creating package descriptor '/home/darkhorse/project/ros2/CHAPT3/topic_sys_monitor_ws/install/status_interfaces/share/status_interfaces/package.dsv'
[0.481s] INFO:colcon.colcon_core.shell:Creating package script '/home/darkhorse/project/ros2/CHAPT3/topic_sys_monitor_ws/install/status_interfaces/share/status_interfaces/package.sh'
[0.481s] INFO:colcon.colcon_core.shell:Creating package script '/home/darkhorse/project/ros2/CHAPT3/topic_sys_monitor_ws/install/status_interfaces/share/status_interfaces/package.bash'
[0.481s] INFO:colcon.colcon_core.shell:Creating package script '/home/darkhorse/project/ros2/CHAPT3/topic_sys_monitor_ws/install/status_interfaces/share/status_interfaces/package.zsh'
[0.482s] Level 1:colcon.colcon_core.environment:create_file_with_runtime_dependencies(/home/darkhorse/project/ros2/CHAPT3/topic_sys_monitor_ws/install/status_interfaces/share/colcon-core/packages/status_interfaces)
[0.482s] Level 1:colcon.colcon_core.environment:create_environment_scripts_only(status_interfaces)
[0.482s] Level 1:colcon.colcon_core.environment:checking '/home/darkhorse/project/ros2/CHAPT3/topic_sys_monitor_ws/install/status_interfaces' for CMake module files
[0.482s] Level 1:colcon.colcon_core.environment:checking '/home/darkhorse/project/ros2/CHAPT3/topic_sys_monitor_ws/install/status_interfaces' for CMake config files
[0.483s] Level 1:colcon.colcon_core.shell:create_environment_hook('status_interfaces', 'cmake_prefix_path')
[0.483s] INFO:colcon.colcon_core.shell:Creating environment descriptor '/home/darkhorse/project/ros2/CHAPT3/topic_sys_monitor_ws/install/status_interfaces/share/status_interfaces/hook/cmake_prefix_path.dsv'
[0.483s] INFO:colcon.colcon_core.shell:Creating environment hook '/home/darkhorse/project/ros2/CHAPT3/topic_sys_monitor_ws/install/status_interfaces/share/status_interfaces/hook/cmake_prefix_path.sh'
[0.483s] Level 1:colcon.colcon_core.environment:checking '/home/darkhorse/project/ros2/CHAPT3/topic_sys_monitor_ws/install/status_interfaces/lib'
[0.483s] Level 1:colcon.colcon_core.shell:create_environment_hook('status_interfaces', 'ld_library_path_lib')
[0.483s] INFO:colcon.colcon_core.shell:Creating environment descriptor '/home/darkhorse/project/ros2/CHAPT3/topic_sys_monitor_ws/install/status_interfaces/share/status_interfaces/hook/ld_library_path_lib.dsv'
[0.484s] INFO:colcon.colcon_core.shell:Creating environment hook '/home/darkhorse/project/ros2/CHAPT3/topic_sys_monitor_ws/install/status_interfaces/share/status_interfaces/hook/ld_library_path_lib.sh'
[0.484s] Level 1:colcon.colcon_core.environment:checking '/home/darkhorse/project/ros2/CHAPT3/topic_sys_monitor_ws/install/status_interfaces/bin'
[0.484s] Level 1:colcon.colcon_core.environment:checking '/home/darkhorse/project/ros2/CHAPT3/topic_sys_monitor_ws/install/status_interfaces/lib/pkgconfig/status_interfaces.pc'
[0.484s] Level 1:colcon.colcon_core.environment:checking '/home/darkhorse/project/ros2/CHAPT3/topic_sys_monitor_ws/install/status_interfaces/lib/python3.12/site-packages'
[0.484s] Level 1:colcon.colcon_core.shell:create_environment_hook('status_interfaces', 'pythonpath')
[0.484s] INFO:colcon.colcon_core.shell:Creating environment descriptor '/home/darkhorse/project/ros2/CHAPT3/topic_sys_monitor_ws/install/status_interfaces/share/status_interfaces/hook/pythonpath.dsv'
[0.484s] INFO:colcon.colcon_core.shell:Creating environment hook '/home/darkhorse/project/ros2/CHAPT3/topic_sys_monitor_ws/install/status_interfaces/share/status_interfaces/hook/pythonpath.sh'
[0.485s] Level 1:colcon.colcon_core.environment:checking '/home/darkhorse/project/ros2/CHAPT3/topic_sys_monitor_ws/install/status_interfaces/bin'
[0.485s] INFO:colcon.colcon_core.shell:Creating package descriptor '/home/darkhorse/project/ros2/CHAPT3/topic_sys_monitor_ws/install/status_interfaces/share/status_interfaces/package.dsv'
[0.485s] INFO:colcon.colcon_core.shell:Creating package script '/home/darkhorse/project/ros2/CHAPT3/topic_sys_monitor_ws/install/status_interfaces/share/status_interfaces/package.sh'
[0.486s] INFO:colcon.colcon_core.shell:Creating package script '/home/darkhorse/project/ros2/CHAPT3/topic_sys_monitor_ws/install/status_interfaces/share/status_interfaces/package.bash'
[0.486s] INFO:colcon.colcon_core.shell:Creating package script '/home/darkhorse/project/ros2/CHAPT3/topic_sys_monitor_ws/install/status_interfaces/share/status_interfaces/package.zsh'
[0.486s] Level 1:colcon.colcon_core.environment:create_file_with_runtime_dependencies(/home/darkhorse/project/ros2/CHAPT3/topic_sys_monitor_ws/install/status_interfaces/share/colcon-core/packages/status_interfaces)
[0.487s] INFO:colcon.colcon_ros.task.ament_cmake.build:Building ROS package in '/home/darkhorse/project/ros2/CHAPT3/topic_sys_monitor_ws/src/status_display' with build type 'ament_cmake'
[0.487s] INFO:colcon.colcon_cmake.task.cmake.build:Building CMake package in '/home/darkhorse/project/ros2/CHAPT3/topic_sys_monitor_ws/src/status_display'
[0.487s] DEBUG:colcon.colcon_core.shell:Skip shell extension 'dsv' for command environment
[3.408s] INFO:colcon.colcon_ros.task.ament_cmake.build:Building ROS package in '/home/darkhorse/project/ros2/CHAPT3/topic_sys_monitor_ws/src/status_publisher' with build type 'ament_cmake'
[3.408s] INFO:colcon.colcon_cmake.task.cmake.build:Building CMake package in '/home/darkhorse/project/ros2/CHAPT3/topic_sys_monitor_ws/src/status_publisher'
[3.409s] DEBUG:colcon.colcon_core.shell:Skip shell extension 'dsv' for command environment
[3.446s] DEBUG:colcon.colcon_core.event_handler.log_command:Invoking command in '/home/darkhorse/project/ros2/CHAPT3/topic_sys_monitor_ws/build/status_display': CMAKE_PREFIX_PATH=/home/darkhorse/project/ros2/CHAPT3/topic_sys_monitor_ws/install/status_interfaces:/home/darkhorse/project/ros2/CHAPT3/topic_sys_monitor_ws/install/status_publisher:/home/darkhorse/project/ros2/CHAPT3/topic_sys_monitor_ws/install/status_display:/opt/ros/jazzy/opt/gz_math_vendor:/opt/ros/jazzy/opt/gz_utils_vendor:/opt/ros/jazzy/opt/gz_cmake_vendor:/opt/ros/jazzy DEBUGINFOD_URLS=https://debuginfod.ubuntu.com /usr/bin/cmake --build /home/darkhorse/project/ros2/CHAPT3/topic_sys_monitor_ws/build/status_display -- -j8 -l8
[3.449s] DEBUG:colcon.colcon_core.event_handler.log_command:Invoking command in '/home/darkhorse/project/ros2/CHAPT3/topic_sys_monitor_ws/build/status_publisher': CMAKE_PREFIX_PATH=/home/darkhorse/project/ros2/CHAPT3/topic_sys_monitor_ws/install/status_interfaces:/home/darkhorse/project/ros2/CHAPT3/topic_sys_monitor_ws/install/status_publisher:/home/darkhorse/project/ros2/CHAPT3/topic_sys_monitor_ws/install/status_display:/opt/ros/jazzy/opt/gz_math_vendor:/opt/ros/jazzy/opt/gz_utils_vendor:/opt/ros/jazzy/opt/gz_cmake_vendor:/opt/ros/jazzy DEBUGINFOD_URLS=https://debuginfod.ubuntu.com /usr/bin/cmake --build /home/darkhorse/project/ros2/CHAPT3/topic_sys_monitor_ws/build/status_publisher -- -j8 -l8
[3.496s] DEBUG:colcon.colcon_core.event_handler.log_command:Invoked command in '/home/darkhorse/project/ros2/CHAPT3/topic_sys_monitor_ws/build/status_publisher' returned '0': CMAKE_PREFIX_PATH=/home/darkhorse/project/ros2/CHAPT3/topic_sys_monitor_ws/install/status_interfaces:/home/darkhorse/project/ros2/CHAPT3/topic_sys_monitor_ws/install/status_publisher:/home/darkhorse/project/ros2/CHAPT3/topic_sys_monitor_ws/install/status_display:/opt/ros/jazzy/opt/gz_math_vendor:/opt/ros/jazzy/opt/gz_utils_vendor:/opt/ros/jazzy/opt/gz_cmake_vendor:/opt/ros/jazzy DEBUGINFOD_URLS=https://debuginfod.ubuntu.com /usr/bin/cmake --build /home/darkhorse/project/ros2/CHAPT3/topic_sys_monitor_ws/build/status_publisher -- -j8 -l8
[3.497s] DEBUG:colcon.colcon_core.event_handler.log_command:Invoking command in '/home/darkhorse/project/ros2/CHAPT3/topic_sys_monitor_ws/build/status_publisher': CMAKE_PREFIX_PATH=/home/darkhorse/project/ros2/CHAPT3/topic_sys_monitor_ws/install/status_interfaces:/home/darkhorse/project/ros2/CHAPT3/topic_sys_monitor_ws/install/status_publisher:/home/darkhorse/project/ros2/CHAPT3/topic_sys_monitor_ws/install/status_display:/opt/ros/jazzy/opt/gz_math_vendor:/opt/ros/jazzy/opt/gz_utils_vendor:/opt/ros/jazzy/opt/gz_cmake_vendor:/opt/ros/jazzy DEBUGINFOD_URLS=https://debuginfod.ubuntu.com /usr/bin/cmake --install /home/darkhorse/project/ros2/CHAPT3/topic_sys_monitor_ws/build/status_publisher
[3.505s] Level 1:colcon.colcon_core.environment:create_environment_scripts_only(status_publisher)
[3.506s] Level 1:colcon.colcon_core.environment:checking '/home/darkhorse/project/ros2/CHAPT3/topic_sys_monitor_ws/install/status_publisher' for CMake module files
[3.507s] DEBUG:colcon.colcon_core.event_handler.log_command:Invoked command in '/home/darkhorse/project/ros2/CHAPT3/topic_sys_monitor_ws/build/status_publisher' returned '0': CMAKE_PREFIX_PATH=/home/darkhorse/project/ros2/CHAPT3/topic_sys_monitor_ws/install/status_interfaces:/home/darkhorse/project/ros2/CHAPT3/topic_sys_monitor_ws/install/status_publisher:/home/darkhorse/project/ros2/CHAPT3/topic_sys_monitor_ws/install/status_display:/opt/ros/jazzy/opt/gz_math_vendor:/opt/ros/jazzy/opt/gz_utils_vendor:/opt/ros/jazzy/opt/gz_cmake_vendor:/opt/ros/jazzy DEBUGINFOD_URLS=https://debuginfod.ubuntu.com /usr/bin/cmake --install /home/darkhorse/project/ros2/CHAPT3/topic_sys_monitor_ws/build/status_publisher
[3.507s] Level 1:colcon.colcon_core.environment:checking '/home/darkhorse/project/ros2/CHAPT3/topic_sys_monitor_ws/install/status_publisher' for CMake config files
[3.507s] Level 1:colcon.colcon_core.shell:create_environment_hook('status_publisher', 'cmake_prefix_path')
[3.507s] INFO:colcon.colcon_core.shell:Creating environment descriptor '/home/darkhorse/project/ros2/CHAPT3/topic_sys_monitor_ws/install/status_publisher/share/status_publisher/hook/cmake_prefix_path.dsv'
[3.507s] INFO:colcon.colcon_core.shell:Creating environment hook '/home/darkhorse/project/ros2/CHAPT3/topic_sys_monitor_ws/install/status_publisher/share/status_publisher/hook/cmake_prefix_path.sh'
[3.508s] Level 1:colcon.colcon_core.environment:checking '/home/darkhorse/project/ros2/CHAPT3/topic_sys_monitor_ws/install/status_publisher/lib'
[3.508s] Level 1:colcon.colcon_core.environment:checking '/home/darkhorse/project/ros2/CHAPT3/topic_sys_monitor_ws/install/status_publisher/bin'
[3.508s] Level 1:colcon.colcon_core.environment:checking '/home/darkhorse/project/ros2/CHAPT3/topic_sys_monitor_ws/install/status_publisher/lib/pkgconfig/status_publisher.pc'
[3.508s] Level 1:colcon.colcon_core.environment:checking '/home/darkhorse/project/ros2/CHAPT3/topic_sys_monitor_ws/install/status_publisher/lib/python3.12/site-packages'
[3.509s] Level 1:colcon.colcon_core.environment:checking '/home/darkhorse/project/ros2/CHAPT3/topic_sys_monitor_ws/install/status_publisher/bin'
[3.509s] INFO:colcon.colcon_core.shell:Creating package descriptor '/home/darkhorse/project/ros2/CHAPT3/topic_sys_monitor_ws/install/status_publisher/share/status_publisher/package.dsv'
[3.509s] INFO:colcon.colcon_core.shell:Creating package script '/home/darkhorse/project/ros2/CHAPT3/topic_sys_monitor_ws/install/status_publisher/share/status_publisher/package.sh'
[3.510s] INFO:colcon.colcon_core.shell:Creating package script '/home/darkhorse/project/ros2/CHAPT3/topic_sys_monitor_ws/install/status_publisher/share/status_publisher/package.bash'
[3.510s] INFO:colcon.colcon_core.shell:Creating package script '/home/darkhorse/project/ros2/CHAPT3/topic_sys_monitor_ws/install/status_publisher/share/status_publisher/package.zsh'
[3.510s] Level 1:colcon.colcon_core.environment:create_file_with_runtime_dependencies(/home/darkhorse/project/ros2/CHAPT3/topic_sys_monitor_ws/install/status_publisher/share/colcon-core/packages/status_publisher)
[3.511s] Level 1:colcon.colcon_core.environment:create_environment_scripts_only(status_publisher)
[3.511s] Level 1:colcon.colcon_core.environment:checking '/home/darkhorse/project/ros2/CHAPT3/topic_sys_monitor_ws/install/status_publisher' for CMake module files
[3.511s] Level 1:colcon.colcon_core.environment:checking '/home/darkhorse/project/ros2/CHAPT3/topic_sys_monitor_ws/install/status_publisher' for CMake config files
[3.511s] Level 1:colcon.colcon_core.shell:create_environment_hook('status_publisher', 'cmake_prefix_path')
[3.512s] INFO:colcon.colcon_core.shell:Creating environment descriptor '/home/darkhorse/project/ros2/CHAPT3/topic_sys_monitor_ws/install/status_publisher/share/status_publisher/hook/cmake_prefix_path.dsv'
[3.512s] INFO:colcon.colcon_core.shell:Creating environment hook '/home/darkhorse/project/ros2/CHAPT3/topic_sys_monitor_ws/install/status_publisher/share/status_publisher/hook/cmake_prefix_path.sh'
[3.513s] Level 1:colcon.colcon_core.environment:checking '/home/darkhorse/project/ros2/CHAPT3/topic_sys_monitor_ws/install/status_publisher/lib'
[3.513s] Level 1:colcon.colcon_core.environment:checking '/home/darkhorse/project/ros2/CHAPT3/topic_sys_monitor_ws/install/status_publisher/bin'
[3.513s] Level 1:colcon.colcon_core.environment:checking '/home/darkhorse/project/ros2/CHAPT3/topic_sys_monitor_ws/install/status_publisher/lib/pkgconfig/status_publisher.pc'
[3.513s] Level 1:colcon.colcon_core.environment:checking '/home/darkhorse/project/ros2/CHAPT3/topic_sys_monitor_ws/install/status_publisher/lib/python3.12/site-packages'
[3.514s] Level 1:colcon.colcon_core.environment:checking '/home/darkhorse/project/ros2/CHAPT3/topic_sys_monitor_ws/install/status_publisher/bin'
[3.514s] INFO:colcon.colcon_core.shell:Creating package descriptor '/home/darkhorse/project/ros2/CHAPT3/topic_sys_monitor_ws/install/status_publisher/share/status_publisher/package.dsv'
[3.514s] INFO:colcon.colcon_core.shell:Creating package script '/home/darkhorse/project/ros2/CHAPT3/topic_sys_monitor_ws/install/status_publisher/share/status_publisher/package.sh'
[3.515s] INFO:colcon.colcon_core.shell:Creating package script '/home/darkhorse/project/ros2/CHAPT3/topic_sys_monitor_ws/install/status_publisher/share/status_publisher/package.bash'
[3.516s] INFO:colcon.colcon_core.shell:Creating package script '/home/darkhorse/project/ros2/CHAPT3/topic_sys_monitor_ws/install/status_publisher/share/status_publisher/package.zsh'
[3.516s] Level 1:colcon.colcon_core.environment:create_file_with_runtime_dependencies(/home/darkhorse/project/ros2/CHAPT3/topic_sys_monitor_ws/install/status_publisher/share/colcon-core/packages/status_publisher)
[9.716s] DEBUG:colcon.colcon_core.event_handler.log_command:Invoked command in '/home/darkhorse/project/ros2/CHAPT3/topic_sys_monitor_ws/build/status_display' returned '0': CMAKE_PREFIX_PATH=/home/darkhorse/project/ros2/CHAPT3/topic_sys_monitor_ws/install/status_interfaces:/home/darkhorse/project/ros2/CHAPT3/topic_sys_monitor_ws/install/status_publisher:/home/darkhorse/project/ros2/CHAPT3/topic_sys_monitor_ws/install/status_display:/opt/ros/jazzy/opt/gz_math_vendor:/opt/ros/jazzy/opt/gz_utils_vendor:/opt/ros/jazzy/opt/gz_cmake_vendor:/opt/ros/jazzy DEBUGINFOD_URLS=https://debuginfod.ubuntu.com /usr/bin/cmake --build /home/darkhorse/project/ros2/CHAPT3/topic_sys_monitor_ws/build/status_display -- -j8 -l8
[9.717s] DEBUG:colcon.colcon_core.event_handler.log_command:Invoking command in '/home/darkhorse/project/ros2/CHAPT3/topic_sys_monitor_ws/build/status_display': CMAKE_PREFIX_PATH=/home/darkhorse/project/ros2/CHAPT3/topic_sys_monitor_ws/install/status_interfaces:/home/darkhorse/project/ros2/CHAPT3/topic_sys_monitor_ws/install/status_publisher:/home/darkhorse/project/ros2/CHAPT3/topic_sys_monitor_ws/install/status_display:/opt/ros/jazzy/opt/gz_math_vendor:/opt/ros/jazzy/opt/gz_utils_vendor:/opt/ros/jazzy/opt/gz_cmake_vendor:/opt/ros/jazzy DEBUGINFOD_URLS=https://debuginfod.ubuntu.com /usr/bin/cmake --install /home/darkhorse/project/ros2/CHAPT3/topic_sys_monitor_ws/build/status_display
[9.730s] Level 1:colcon.colcon_core.environment:create_environment_scripts_only(status_display)
[9.730s] Level 1:colcon.colcon_core.environment:checking '/home/darkhorse/project/ros2/CHAPT3/topic_sys_monitor_ws/install/status_display' for CMake module files
[9.731s] DEBUG:colcon.colcon_core.event_handler.log_command:Invoked command in '/home/darkhorse/project/ros2/CHAPT3/topic_sys_monitor_ws/build/status_display' returned '0': CMAKE_PREFIX_PATH=/home/darkhorse/project/ros2/CHAPT3/topic_sys_monitor_ws/install/status_interfaces:/home/darkhorse/project/ros2/CHAPT3/topic_sys_monitor_ws/install/status_publisher:/home/darkhorse/project/ros2/CHAPT3/topic_sys_monitor_ws/install/status_display:/opt/ros/jazzy/opt/gz_math_vendor:/opt/ros/jazzy/opt/gz_utils_vendor:/opt/ros/jazzy/opt/gz_cmake_vendor:/opt/ros/jazzy DEBUGINFOD_URLS=https://debuginfod.ubuntu.com /usr/bin/cmake --install /home/darkhorse/project/ros2/CHAPT3/topic_sys_monitor_ws/build/status_display
[9.731s] Level 1:colcon.colcon_core.environment:checking '/home/darkhorse/project/ros2/CHAPT3/topic_sys_monitor_ws/install/status_display' for CMake config files
[9.731s] Level 1:colcon.colcon_core.shell:create_environment_hook('status_display', 'cmake_prefix_path')
[9.731s] INFO:colcon.colcon_core.shell:Creating environment descriptor '/home/darkhorse/project/ros2/CHAPT3/topic_sys_monitor_ws/install/status_display/share/status_display/hook/cmake_prefix_path.dsv'
[9.731s] INFO:colcon.colcon_core.shell:Creating environment hook '/home/darkhorse/project/ros2/CHAPT3/topic_sys_monitor_ws/install/status_display/share/status_display/hook/cmake_prefix_path.sh'
[9.732s] Level 1:colcon.colcon_core.environment:checking '/home/darkhorse/project/ros2/CHAPT3/topic_sys_monitor_ws/install/status_display/lib'
[9.732s] Level 1:colcon.colcon_core.environment:checking '/home/darkhorse/project/ros2/CHAPT3/topic_sys_monitor_ws/install/status_display/bin'
[9.732s] Level 1:colcon.colcon_core.environment:checking '/home/darkhorse/project/ros2/CHAPT3/topic_sys_monitor_ws/install/status_display/lib/pkgconfig/status_display.pc'
[9.732s] Level 1:colcon.colcon_core.environment:checking '/home/darkhorse/project/ros2/CHAPT3/topic_sys_monitor_ws/install/status_display/lib/python3.12/site-packages'
[9.733s] Level 1:colcon.colcon_core.environment:checking '/home/darkhorse/project/ros2/CHAPT3/topic_sys_monitor_ws/install/status_display/bin'
[9.733s] INFO:colcon.colcon_core.shell:Creating package descriptor '/home/darkhorse/project/ros2/CHAPT3/topic_sys_monitor_ws/install/status_display/share/status_display/package.dsv'
[9.733s] INFO:colcon.colcon_core.shell:Creating package script '/home/darkhorse/project/ros2/CHAPT3/topic_sys_monitor_ws/install/status_display/share/status_display/package.sh'
[9.733s] INFO:colcon.colcon_core.shell:Creating package script '/home/darkhorse/project/ros2/CHAPT3/topic_sys_monitor_ws/install/status_display/share/status_display/package.bash'
[9.734s] INFO:colcon.colcon_core.shell:Creating package script '/home/darkhorse/project/ros2/CHAPT3/topic_sys_monitor_ws/install/status_display/share/status_display/package.zsh'
[9.734s] Level 1:colcon.colcon_core.environment:create_file_with_runtime_dependencies(/home/darkhorse/project/ros2/CHAPT3/topic_sys_monitor_ws/install/status_display/share/colcon-core/packages/status_display)
[9.734s] Level 1:colcon.colcon_core.environment:create_environment_scripts_only(status_display)
[9.734s] Level 1:colcon.colcon_core.environment:checking '/home/darkhorse/project/ros2/CHAPT3/topic_sys_monitor_ws/install/status_display' for CMake module files
[9.735s] Level 1:colcon.colcon_core.environment:checking '/home/darkhorse/project/ros2/CHAPT3/topic_sys_monitor_ws/install/status_display' for CMake config files
[9.735s] Level 1:colcon.colcon_core.shell:create_environment_hook('status_display', 'cmake_prefix_path')
[9.735s] INFO:colcon.colcon_core.shell:Creating environment descriptor '/home/darkhorse/project/ros2/CHAPT3/topic_sys_monitor_ws/install/status_display/share/status_display/hook/cmake_prefix_path.dsv'
[9.735s] INFO:colcon.colcon_core.shell:Creating environment hook '/home/darkhorse/project/ros2/CHAPT3/topic_sys_monitor_ws/install/status_display/share/status_display/hook/cmake_prefix_path.sh'
[9.735s] Level 1:colcon.colcon_core.environment:checking '/home/darkhorse/project/ros2/CHAPT3/topic_sys_monitor_ws/install/status_display/lib'
[9.736s] Level 1:colcon.colcon_core.environment:checking '/home/darkhorse/project/ros2/CHAPT3/topic_sys_monitor_ws/install/status_display/bin'
[9.736s] Level 1:colcon.colcon_core.environment:checking '/home/darkhorse/project/ros2/CHAPT3/topic_sys_monitor_ws/install/status_display/lib/pkgconfig/status_display.pc'
[9.736s] Level 1:colcon.colcon_core.environment:checking '/home/darkhorse/project/ros2/CHAPT3/topic_sys_monitor_ws/install/status_display/lib/python3.12/site-packages'
[9.736s] Level 1:colcon.colcon_core.environment:checking '/home/darkhorse/project/ros2/CHAPT3/topic_sys_monitor_ws/install/status_display/bin'
[9.736s] INFO:colcon.colcon_core.shell:Creating package descriptor '/home/darkhorse/project/ros2/CHAPT3/topic_sys_monitor_ws/install/status_display/share/status_display/package.dsv'
[9.736s] INFO:colcon.colcon_core.shell:Creating package script '/home/darkhorse/project/ros2/CHAPT3/topic_sys_monitor_ws/install/status_display/share/status_display/package.sh'
[9.737s] INFO:colcon.colcon_core.shell:Creating package script '/home/darkhorse/project/ros2/CHAPT3/topic_sys_monitor_ws/install/status_display/share/status_display/package.bash'
[9.737s] INFO:colcon.colcon_core.shell:Creating package script '/home/darkhorse/project/ros2/CHAPT3/topic_sys_monitor_ws/install/status_display/share/status_display/package.zsh'
[9.738s] Level 1:colcon.colcon_core.environment:create_file_with_runtime_dependencies(/home/darkhorse/project/ros2/CHAPT3/topic_sys_monitor_ws/install/status_display/share/colcon-core/packages/status_display)
[9.738s] DEBUG:colcon.colcon_parallel_executor.executor.parallel:closing loop
[9.739s] DEBUG:colcon.colcon_parallel_executor.executor.parallel:loop closed
[9.739s] DEBUG:colcon.colcon_parallel_executor.executor.parallel:run_until_complete finished with '0'
[9.739s] DEBUG:colcon.colcon_core.event_reactor:joining thread
[9.769s] INFO:colcon.colcon_core.plugin_system:Skipping extension 'colcon_notification.desktop_notification.notify_send': Could not find 'notify-send'
[9.769s] INFO:colcon.colcon_core.plugin_system:Skipping extension 'colcon_notification.desktop_notification.terminal_notifier': Not used on non-Darwin systems
[9.770s] INFO:colcon.colcon_core.plugin_system:Skipping extension 'colcon_notification.desktop_notification.win32': Not used on non-Windows systems
[9.770s] INFO:colcon.colcon_notification.desktop_notification:Sending desktop notification using 'notify2'
[9.770s] DEBUG:colcon.colcon_notification.desktop_notification.notify2:Failed to initialize notify2: org.freedesktop.DBus.Error.FileNotFound: Failed to connect to socket /run/user/1000/bus: No such file or directory
[9.770s] DEBUG:colcon.colcon_core.event_reactor:joined thread
[9.770s] INFO:colcon.colcon_core.shell:Creating prefix script '/home/darkhorse/project/ros2/CHAPT3/topic_sys_monitor_ws/install/local_setup.sh'
[9.771s] INFO:colcon.colcon_core.shell:Creating prefix util module '/home/darkhorse/project/ros2/CHAPT3/topic_sys_monitor_ws/install/_local_setup_util_sh.py'
[9.772s] INFO:colcon.colcon_core.shell:Creating prefix chain script '/home/darkhorse/project/ros2/CHAPT3/topic_sys_monitor_ws/install/setup.sh'
[9.772s] INFO:colcon.colcon_core.shell:Creating prefix script '/home/darkhorse/project/ros2/CHAPT3/topic_sys_monitor_ws/install/local_setup.bash'
[9.773s] INFO:colcon.colcon_core.shell:Creating prefix chain script '/home/darkhorse/project/ros2/CHAPT3/topic_sys_monitor_ws/install/setup.bash'
[9.773s] INFO:colcon.colcon_core.shell:Creating prefix script '/home/darkhorse/project/ros2/CHAPT3/topic_sys_monitor_ws/install/local_setup.zsh'
[9.773s] INFO:colcon.colcon_core.shell:Creating prefix chain script '/home/darkhorse/project/ros2/CHAPT3/topic_sys_monitor_ws/install/setup.zsh'
