[0.052s] Invoking command in '/home/darkhorse/project/ros2/CHAPT3/topic_sys_monitor_ws/build/status_display': AMENT_PREFIX_PATH=/home/darkhorse/project/ros2/CHAPT3/topic_sys_monitor_ws/install/status_interfaces:${AMENT_PREFIX_PATH} CMAKE_PREFIX_PATH=/home/darkhorse/project/ros2/CHAPT3/topic_sys_monitor_ws/install/status_interfaces:/opt/ros/jazzy/opt/gz_math_vendor:/opt/ros/jazzy/opt/gz_utils_vendor:/opt/ros/jazzy/opt/gz_cmake_vendor:/opt/ros/jazzy DEBUGINFOD_URLS=https://debuginfod.ubuntu.com LD_LIBRARY_PATH=/home/darkhorse/project/ros2/CHAPT3/topic_sys_monitor_ws/install/status_interfaces/lib:${LD_LIBRARY_PATH} PYTHONPATH=/home/darkhorse/project/ros2/CHAPT3/topic_sys_monitor_ws/install/status_interfaces/lib/python3.12/site-packages:${PYTHONPATH} /usr/bin/cmake --build /home/darkhorse/project/ros2/CHAPT3/topic_sys_monitor_ws/build/status_display -- -j8 -l8
[0.070s] -- Found ament_cmake: 2.5.5 (/opt/ros/jazzy/share/ament_cmake/cmake)
[0.255s] -- Found rclcpp: 28.1.16 (/opt/ros/jazzy/share/rclcpp/cmake)
[0.342s] -- Found rosidl_generator_c: 4.6.7 (/opt/ros/jazzy/share/rosidl_generator_c/cmake)
[0.350s] -- Found rosidl_generator_cpp: 4.6.7 (/opt/ros/jazzy/share/rosidl_generator_cpp/cmake)
[0.358s] -- Using all available rosidl_typesupport_c: rosidl_typesupport_fastrtps_c;rosidl_typesupport_introspection_c
[0.368s] -- Using all available rosidl_typesupport_cpp: rosidl_typesupport_fastrtps_cpp;rosidl_typesupport_introspection_cpp
[0.418s] -- Found rmw_implementation_cmake: 7.3.3 (/opt/ros/jazzy/share/rmw_implementation_cmake/cmake)
[0.419s] -- Found rmw_fastrtps_cpp: 8.4.3 (/opt/ros/jazzy/share/rmw_fastrtps_cpp/cmake)
[0.543s] -- Using RMW implementation 'rmw_fastrtps_cpp' as default
[0.627s] -- Found status_interfaces: 0.0.0 (/home/darkhorse/project/ros2/CHAPT3/topic_sys_monitor_ws/install/status_interfaces/share/status_interfaces/cmake)
[0.680s] -- Found ament_lint_auto: 0.17.4 (/opt/ros/jazzy/share/ament_lint_auto/cmake)
[0.756s] -- Added test 'cppcheck' to perform static code analysis on C / C++ code
[0.756s] -- Configured cppcheck include dirs: /home/darkhorse/project/ros2/CHAPT3/topic_sys_monitor_ws/src/status_display/include
[0.756s] -- Configured cppcheck exclude dirs and/or files: 
[0.756s] -- Added test 'lint_cmake' to check CMake code style
[0.757s] -- Added test 'uncrustify' to check C / C++ code style
[0.757s] -- Configured uncrustify additional arguments: 
[0.757s] -- Added test 'xmllint' to check XML markup files
[0.757s] -- Configuring done (0.7s)
[0.769s] -- Generating done (0.0s)
[0.772s] -- Build files have been written to: /home/darkhorse/project/ros2/CHAPT3/topic_sys_monitor_ws/build/status_display
[0.806s] [ 50%] [32mBuilding CXX object CMakeFiles/sys_status_display.dir/src/sys_status_display.cpp.o[0m
[5.997s] [100%] [32m[1mLinking CXX executable sys_status_display[0m
[6.458s] [100%] Built target sys_status_display
[6.465s] Invoked command in '/home/darkhorse/project/ros2/CHAPT3/topic_sys_monitor_ws/build/status_display' returned '0': AMENT_PREFIX_PATH=/home/darkhorse/project/ros2/CHAPT3/topic_sys_monitor_ws/install/status_interfaces:${AMENT_PREFIX_PATH} CMAKE_PREFIX_PATH=/home/darkhorse/project/ros2/CHAPT3/topic_sys_monitor_ws/install/status_interfaces:/opt/ros/jazzy/opt/gz_math_vendor:/opt/ros/jazzy/opt/gz_utils_vendor:/opt/ros/jazzy/opt/gz_cmake_vendor:/opt/ros/jazzy DEBUGINFOD_URLS=https://debuginfod.ubuntu.com LD_LIBRARY_PATH=/home/darkhorse/project/ros2/CHAPT3/topic_sys_monitor_ws/install/status_interfaces/lib:${LD_LIBRARY_PATH} PYTHONPATH=/home/darkhorse/project/ros2/CHAPT3/topic_sys_monitor_ws/install/status_interfaces/lib/python3.12/site-packages:${PYTHONPATH} /usr/bin/cmake --build /home/darkhorse/project/ros2/CHAPT3/topic_sys_monitor_ws/build/status_display -- -j8 -l8
[6.465s] Invoking command in '/home/darkhorse/project/ros2/CHAPT3/topic_sys_monitor_ws/build/status_display': AMENT_PREFIX_PATH=/home/darkhorse/project/ros2/CHAPT3/topic_sys_monitor_ws/install/status_interfaces:${AMENT_PREFIX_PATH} CMAKE_PREFIX_PATH=/home/darkhorse/project/ros2/CHAPT3/topic_sys_monitor_ws/install/status_interfaces:/opt/ros/jazzy/opt/gz_math_vendor:/opt/ros/jazzy/opt/gz_utils_vendor:/opt/ros/jazzy/opt/gz_cmake_vendor:/opt/ros/jazzy DEBUGINFOD_URLS=https://debuginfod.ubuntu.com LD_LIBRARY_PATH=/home/darkhorse/project/ros2/CHAPT3/topic_sys_monitor_ws/install/status_interfaces/lib:${LD_LIBRARY_PATH} PYTHONPATH=/home/darkhorse/project/ros2/CHAPT3/topic_sys_monitor_ws/install/status_interfaces/lib/python3.12/site-packages:${PYTHONPATH} /usr/bin/cmake --install /home/darkhorse/project/ros2/CHAPT3/topic_sys_monitor_ws/build/status_display
[6.470s] -- Install configuration: ""
[6.471s] -- Installing: /home/darkhorse/project/ros2/CHAPT3/topic_sys_monitor_ws/install/status_display/lib/status_display/sys_status_display
[6.474s] -- Set non-toolchain portion of runtime path of "/home/darkhorse/project/ros2/CHAPT3/topic_sys_monitor_ws/install/status_display/lib/status_display/sys_status_display" to ""
[6.474s] -- Up-to-date: /home/darkhorse/project/ros2/CHAPT3/topic_sys_monitor_ws/install/status_display/share/ament_index/resource_index/package_run_dependencies/status_display
[6.474s] -- Installing: /home/darkhorse/project/ros2/CHAPT3/topic_sys_monitor_ws/install/status_display/share/ament_index/resource_index/parent_prefix_path/status_display
[6.474s] -- Up-to-date: /home/darkhorse/project/ros2/CHAPT3/topic_sys_monitor_ws/install/status_display/share/status_display/environment/ament_prefix_path.sh
[6.474s] -- Up-to-date: /home/darkhorse/project/ros2/CHAPT3/topic_sys_monitor_ws/install/status_display/share/status_display/environment/ament_prefix_path.dsv
[6.474s] -- Up-to-date: /home/darkhorse/project/ros2/CHAPT3/topic_sys_monitor_ws/install/status_display/share/status_display/environment/path.sh
[6.474s] -- Up-to-date: /home/darkhorse/project/ros2/CHAPT3/topic_sys_monitor_ws/install/status_display/share/status_display/environment/path.dsv
[6.474s] -- Up-to-date: /home/darkhorse/project/ros2/CHAPT3/topic_sys_monitor_ws/install/status_display/share/status_display/local_setup.bash
[6.475s] -- Up-to-date: /home/darkhorse/project/ros2/CHAPT3/topic_sys_monitor_ws/install/status_display/share/status_display/local_setup.sh
[6.475s] -- Up-to-date: /home/darkhorse/project/ros2/CHAPT3/topic_sys_monitor_ws/install/status_display/share/status_display/local_setup.zsh
[6.475s] -- Up-to-date: /home/darkhorse/project/ros2/CHAPT3/topic_sys_monitor_ws/install/status_display/share/status_display/local_setup.dsv
[6.475s] -- Installing: /home/darkhorse/project/ros2/CHAPT3/topic_sys_monitor_ws/install/status_display/share/status_display/package.dsv
[6.475s] -- Up-to-date: /home/darkhorse/project/ros2/CHAPT3/topic_sys_monitor_ws/install/status_display/share/ament_index/resource_index/packages/status_display
[6.475s] -- Up-to-date: /home/darkhorse/project/ros2/CHAPT3/topic_sys_monitor_ws/install/status_display/share/status_display/cmake/status_displayConfig.cmake
[6.475s] -- Up-to-date: /home/darkhorse/project/ros2/CHAPT3/topic_sys_monitor_ws/install/status_display/share/status_display/cmake/status_displayConfig-version.cmake
[6.475s] -- Up-to-date: /home/darkhorse/project/ros2/CHAPT3/topic_sys_monitor_ws/install/status_display/share/status_display/package.xml
[6.476s] Invoked command in '/home/darkhorse/project/ros2/CHAPT3/topic_sys_monitor_ws/build/status_display' returned '0': AMENT_PREFIX_PATH=/home/darkhorse/project/ros2/CHAPT3/topic_sys_monitor_ws/install/status_interfaces:${AMENT_PREFIX_PATH} CMAKE_PREFIX_PATH=/home/darkhorse/project/ros2/CHAPT3/topic_sys_monitor_ws/install/status_interfaces:/opt/ros/jazzy/opt/gz_math_vendor:/opt/ros/jazzy/opt/gz_utils_vendor:/opt/ros/jazzy/opt/gz_cmake_vendor:/opt/ros/jazzy DEBUGINFOD_URLS=https://debuginfod.ubuntu.com LD_LIBRARY_PATH=/home/darkhorse/project/ros2/CHAPT3/topic_sys_monitor_ws/install/status_interfaces/lib:${LD_LIBRARY_PATH} PYTHONPATH=/home/darkhorse/project/ros2/CHAPT3/topic_sys_monitor_ws/install/status_interfaces/lib/python3.12/site-packages:${PYTHONPATH} /usr/bin/cmake --install /home/darkhorse/project/ros2/CHAPT3/topic_sys_monitor_ws/build/status_display
