[0.081s] DEBUG:colcon:Command line arguments: ['/usr/bin/colcon', 'build']
[0.081s] DEBUG:colcon:Parsed command line arguments: Namespace(log_base=None, log_level=None, verb_name='build', build_base='build', install_base='install', merge_install=False, symlink_install=False, test_result_base=None, continue_on_error=False, executor='parallel', parallel_workers=8, event_handlers=None, ignore_user_meta=False, metas=['./colcon.meta'], base_paths=['.'], packages_ignore=None, packages_ignore_regex=None, paths=None, packages_up_to=None, packages_up_to_regex=None, packages_above=None, packages_above_and_dependencies=None, packages_above_depth=None, packages_select_by_dep=None, packages_skip_by_dep=None, packages_skip_up_to=None, packages_select_build_failed=False, packages_skip_build_finished=False, packages_select_test_failures=False, packages_skip_test_passed=False, packages_select=None, packages_skip=None, packages_select_regex=None, packages_skip_regex=None, packages_start=None, packages_end=None, cmake_args=None, cmake_target=None, cmake_target_skip_unavailable=False, cmake_clean_cache=False, cmake_clean_first=False, cmake_force_configure=False, ament_cmake_args=None, catkin_cmake_args=None, catkin_skip_building_tests=False, verb_parser=<colcon_defaults.argument_parser.defaults.DefaultArgumentsDecorator object at 0x7008d0904ef0>, verb_extension=<colcon_core.verb.build.BuildVerb object at 0x7008d0904470>, main=<bound method BuildVerb.main of <colcon_core.verb.build.BuildVerb object at 0x7008d0904470>>)
[0.107s] Level 1:colcon.colcon_core.package_discovery:discover_packages(colcon_meta) check parameters
[0.107s] Level 1:colcon.colcon_core.package_discovery:discover_packages(recursive) check parameters
[0.107s] Level 1:colcon.colcon_core.package_discovery:discover_packages(ignore) check parameters
[0.107s] Level 1:colcon.colcon_core.package_discovery:discover_packages(path) check parameters
[0.107s] Level 1:colcon.colcon_core.package_discovery:discover_packages(colcon_meta) discover
[0.107s] Level 1:colcon.colcon_core.package_discovery:discover_packages(recursive) discover
[0.107s] INFO:colcon.colcon_core.package_discovery:Crawling recursively for packages in '/home/darkhorse/project/ros2/CHAPT3/topic_sys_monitor_ws'
[0.107s] Level 1:colcon.colcon_core.package_identification:_identify(.) by extensions ['ignore', 'ignore_ament_install']
[0.107s] Level 1:colcon.colcon_core.package_identification:_identify(.) by extension 'ignore'
[0.107s] Level 1:colcon.colcon_core.package_identification:_identify(.) by extension 'ignore_ament_install'
[0.107s] Level 1:colcon.colcon_core.package_identification:_identify(.) by extensions ['colcon_pkg']
[0.107s] Level 1:colcon.colcon_core.package_identification:_identify(.) by extension 'colcon_pkg'
[0.107s] Level 1:colcon.colcon_core.package_identification:_identify(.) by extensions ['colcon_meta']
[0.107s] Level 1:colcon.colcon_core.package_identification:_identify(.) by extension 'colcon_meta'
[0.107s] Level 1:colcon.colcon_core.package_identification:_identify(.) by extensions ['ros']
[0.107s] Level 1:colcon.colcon_core.package_identification:_identify(.) by extension 'ros'
[0.123s] Level 1:colcon.colcon_core.package_identification:_identify(.) by extensions ['cmake', 'python']
[0.123s] Level 1:colcon.colcon_core.package_identification:_identify(.) by extension 'cmake'
[0.123s] Level 1:colcon.colcon_core.package_identification:_identify(.) by extension 'python'
[0.123s] Level 1:colcon.colcon_core.package_identification:_identify(.) by extensions ['python_setup_py']
[0.124s] Level 1:colcon.colcon_core.package_identification:_identify(.) by extension 'python_setup_py'
[0.124s] Level 1:colcon.colcon_core.package_identification:_identify(build) by extensions ['ignore', 'ignore_ament_install']
[0.124s] Level 1:colcon.colcon_core.package_identification:_identify(build) by extension 'ignore'
[0.124s] Level 1:colcon.colcon_core.package_identification:_identify(build) ignored
[0.124s] Level 1:colcon.colcon_core.package_identification:_identify(install) by extensions ['ignore', 'ignore_ament_install']
[0.124s] Level 1:colcon.colcon_core.package_identification:_identify(install) by extension 'ignore'
[0.124s] Level 1:colcon.colcon_core.package_identification:_identify(install) ignored
[0.124s] Level 1:colcon.colcon_core.package_identification:_identify(log) by extensions ['ignore', 'ignore_ament_install']
[0.124s] Level 1:colcon.colcon_core.package_identification:_identify(log) by extension 'ignore'
[0.124s] Level 1:colcon.colcon_core.package_identification:_identify(log) ignored
[0.124s] Level 1:colcon.colcon_core.package_identification:_identify(src) by extensions ['ignore', 'ignore_ament_install']
[0.124s] Level 1:colcon.colcon_core.package_identification:_identify(src) by extension 'ignore'
[0.124s] Level 1:colcon.colcon_core.package_identification:_identify(src) by extension 'ignore_ament_install'
[0.124s] Level 1:colcon.colcon_core.package_identification:_identify(src) by extensions ['colcon_pkg']
[0.124s] Level 1:colcon.colcon_core.package_identification:_identify(src) by extension 'colcon_pkg'
[0.124s] Level 1:colcon.colcon_core.package_identification:_identify(src) by extensions ['colcon_meta']
[0.124s] Level 1:colcon.colcon_core.package_identification:_identify(src) by extension 'colcon_meta'
[0.124s] Level 1:colcon.colcon_core.package_identification:_identify(src) by extensions ['ros']
[0.124s] Level 1:colcon.colcon_core.package_identification:_identify(src) by extension 'ros'
[0.124s] Level 1:colcon.colcon_core.package_identification:_identify(src) by extensions ['cmake', 'python']
[0.124s] Level 1:colcon.colcon_core.package_identification:_identify(src) by extension 'cmake'
[0.124s] Level 1:colcon.colcon_core.package_identification:_identify(src) by extension 'python'
[0.124s] Level 1:colcon.colcon_core.package_identification:_identify(src) by extensions ['python_setup_py']
[0.124s] Level 1:colcon.colcon_core.package_identification:_identify(src) by extension 'python_setup_py'
[0.125s] Level 1:colcon.colcon_core.package_identification:_identify(src/status_display) by extensions ['ignore', 'ignore_ament_install']
[0.125s] Level 1:colcon.colcon_core.package_identification:_identify(src/status_display) by extension 'ignore'
[0.125s] Level 1:colcon.colcon_core.package_identification:_identify(src/status_display) by extension 'ignore_ament_install'
[0.125s] Level 1:colcon.colcon_core.package_identification:_identify(src/status_display) by extensions ['colcon_pkg']
[0.125s] Level 1:colcon.colcon_core.package_identification:_identify(src/status_display) by extension 'colcon_pkg'
[0.125s] Level 1:colcon.colcon_core.package_identification:_identify(src/status_display) by extensions ['colcon_meta']
[0.125s] Level 1:colcon.colcon_core.package_identification:_identify(src/status_display) by extension 'colcon_meta'
[0.125s] Level 1:colcon.colcon_core.package_identification:_identify(src/status_display) by extensions ['ros']
[0.125s] Level 1:colcon.colcon_core.package_identification:_identify(src/status_display) by extension 'ros'
[0.126s] DEBUG:colcon.colcon_core.package_identification:Package 'src/status_display' with type 'ros.ament_cmake' and name 'status_display'
[0.126s] Level 1:colcon.colcon_core.package_identification:_identify(src/status_interfaces) by extensions ['ignore', 'ignore_ament_install']
[0.126s] Level 1:colcon.colcon_core.package_identification:_identify(src/status_interfaces) by extension 'ignore'
[0.126s] Level 1:colcon.colcon_core.package_identification:_identify(src/status_interfaces) by extension 'ignore_ament_install'
[0.126s] Level 1:colcon.colcon_core.package_identification:_identify(src/status_interfaces) by extensions ['colcon_pkg']
[0.126s] Level 1:colcon.colcon_core.package_identification:_identify(src/status_interfaces) by extension 'colcon_pkg'
[0.126s] Level 1:colcon.colcon_core.package_identification:_identify(src/status_interfaces) by extensions ['colcon_meta']
[0.126s] Level 1:colcon.colcon_core.package_identification:_identify(src/status_interfaces) by extension 'colcon_meta'
[0.126s] Level 1:colcon.colcon_core.package_identification:_identify(src/status_interfaces) by extensions ['ros']
[0.126s] Level 1:colcon.colcon_core.package_identification:_identify(src/status_interfaces) by extension 'ros'
[0.127s] DEBUG:colcon.colcon_core.package_identification:Package 'src/status_interfaces' with type 'ros.ament_cmake' and name 'status_interfaces'
[0.127s] Level 1:colcon.colcon_core.package_identification:_identify(src/status_publisher) by extensions ['ignore', 'ignore_ament_install']
[0.127s] Level 1:colcon.colcon_core.package_identification:_identify(src/status_publisher) by extension 'ignore'
[0.127s] Level 1:colcon.colcon_core.package_identification:_identify(src/status_publisher) by extension 'ignore_ament_install'
[0.127s] Level 1:colcon.colcon_core.package_identification:_identify(src/status_publisher) by extensions ['colcon_pkg']
[0.127s] Level 1:colcon.colcon_core.package_identification:_identify(src/status_publisher) by extension 'colcon_pkg'
[0.127s] Level 1:colcon.colcon_core.package_identification:_identify(src/status_publisher) by extensions ['colcon_meta']
[0.127s] Level 1:colcon.colcon_core.package_identification:_identify(src/status_publisher) by extension 'colcon_meta'
[0.127s] Level 1:colcon.colcon_core.package_identification:_identify(src/status_publisher) by extensions ['ros']
[0.127s] Level 1:colcon.colcon_core.package_identification:_identify(src/status_publisher) by extension 'ros'
[0.127s] DEBUG:colcon.colcon_core.package_identification:Package 'src/status_publisher' with type 'ros.ament_cmake' and name 'status_publisher'
[0.127s] Level 1:colcon.colcon_core.package_discovery:discover_packages(recursive) using defaults
[0.127s] Level 1:colcon.colcon_core.package_discovery:discover_packages(ignore) discover
[0.127s] Level 1:colcon.colcon_core.package_discovery:discover_packages(ignore) using defaults
[0.127s] Level 1:colcon.colcon_core.package_discovery:discover_packages(path) discover
[0.127s] Level 1:colcon.colcon_core.package_discovery:discover_packages(path) using defaults
[0.138s] Level 5:colcon.colcon_core.verb:set package 'status_interfaces' build argument 'cmake_args' from command line to 'None'
[0.138s] Level 5:colcon.colcon_core.verb:set package 'status_interfaces' build argument 'cmake_target' from command line to 'None'
[0.138s] Level 5:colcon.colcon_core.verb:set package 'status_interfaces' build argument 'cmake_target_skip_unavailable' from command line to 'False'
[0.138s] Level 5:colcon.colcon_core.verb:set package 'status_interfaces' build argument 'cmake_clean_cache' from command line to 'False'
[0.138s] Level 5:colcon.colcon_core.verb:set package 'status_interfaces' build argument 'cmake_clean_first' from command line to 'False'
[0.138s] Level 5:colcon.colcon_core.verb:set package 'status_interfaces' build argument 'cmake_force_configure' from command line to 'False'
[0.138s] Level 5:colcon.colcon_core.verb:set package 'status_interfaces' build argument 'ament_cmake_args' from command line to 'None'
[0.138s] Level 5:colcon.colcon_core.verb:set package 'status_interfaces' build argument 'catkin_cmake_args' from command line to 'None'
[0.138s] Level 5:colcon.colcon_core.verb:set package 'status_interfaces' build argument 'catkin_skip_building_tests' from command line to 'False'
[0.138s] DEBUG:colcon.colcon_core.verb:Building package 'status_interfaces' with the following arguments: {'ament_cmake_args': None, 'build_base': '/home/darkhorse/project/ros2/CHAPT3/topic_sys_monitor_ws/build/status_interfaces', 'catkin_cmake_args': None, 'catkin_skip_building_tests': False, 'cmake_args': None, 'cmake_clean_cache': False, 'cmake_clean_first': False, 'cmake_force_configure': False, 'cmake_target': None, 'cmake_target_skip_unavailable': False, 'install_base': '/home/darkhorse/project/ros2/CHAPT3/topic_sys_monitor_ws/install/status_interfaces', 'merge_install': False, 'path': '/home/darkhorse/project/ros2/CHAPT3/topic_sys_monitor_ws/src/status_interfaces', 'symlink_install': False, 'test_result_base': None}
[0.138s] Level 5:colcon.colcon_core.verb:set package 'status_display' build argument 'cmake_args' from command line to 'None'
[0.138s] Level 5:colcon.colcon_core.verb:set package 'status_display' build argument 'cmake_target' from command line to 'None'
[0.138s] Level 5:colcon.colcon_core.verb:set package 'status_display' build argument 'cmake_target_skip_unavailable' from command line to 'False'
[0.138s] Level 5:colcon.colcon_core.verb:set package 'status_display' build argument 'cmake_clean_cache' from command line to 'False'
[0.138s] Level 5:colcon.colcon_core.verb:set package 'status_display' build argument 'cmake_clean_first' from command line to 'False'
[0.138s] Level 5:colcon.colcon_core.verb:set package 'status_display' build argument 'cmake_force_configure' from command line to 'False'
[0.138s] Level 5:colcon.colcon_core.verb:set package 'status_display' build argument 'ament_cmake_args' from command line to 'None'
[0.138s] Level 5:colcon.colcon_core.verb:set package 'status_display' build argument 'catkin_cmake_args' from command line to 'None'
[0.138s] Level 5:colcon.colcon_core.verb:set package 'status_display' build argument 'catkin_skip_building_tests' from command line to 'False'
[0.138s] DEBUG:colcon.colcon_core.verb:Building package 'status_display' with the following arguments: {'ament_cmake_args': None, 'build_base': '/home/darkhorse/project/ros2/CHAPT3/topic_sys_monitor_ws/build/status_display', 'catkin_cmake_args': None, 'catkin_skip_building_tests': False, 'cmake_args': None, 'cmake_clean_cache': False, 'cmake_clean_first': False, 'cmake_force_configure': False, 'cmake_target': None, 'cmake_target_skip_unavailable': False, 'install_base': '/home/darkhorse/project/ros2/CHAPT3/topic_sys_monitor_ws/install/status_display', 'merge_install': False, 'path': '/home/darkhorse/project/ros2/CHAPT3/topic_sys_monitor_ws/src/status_display', 'symlink_install': False, 'test_result_base': None}
[0.139s] Level 5:colcon.colcon_core.verb:set package 'status_publisher' build argument 'cmake_args' from command line to 'None'
[0.139s] Level 5:colcon.colcon_core.verb:set package 'status_publisher' build argument 'cmake_target' from command line to 'None'
[0.139s] Level 5:colcon.colcon_core.verb:set package 'status_publisher' build argument 'cmake_target_skip_unavailable' from command line to 'False'
[0.139s] Level 5:colcon.colcon_core.verb:set package 'status_publisher' build argument 'cmake_clean_cache' from command line to 'False'
[0.139s] Level 5:colcon.colcon_core.verb:set package 'status_publisher' build argument 'cmake_clean_first' from command line to 'False'
[0.139s] Level 5:colcon.colcon_core.verb:set package 'status_publisher' build argument 'cmake_force_configure' from command line to 'False'
[0.139s] Level 5:colcon.colcon_core.verb:set package 'status_publisher' build argument 'ament_cmake_args' from command line to 'None'
[0.139s] Level 5:colcon.colcon_core.verb:set package 'status_publisher' build argument 'catkin_cmake_args' from command line to 'None'
[0.139s] Level 5:colcon.colcon_core.verb:set package 'status_publisher' build argument 'catkin_skip_building_tests' from command line to 'False'
[0.139s] DEBUG:colcon.colcon_core.verb:Building package 'status_publisher' with the following arguments: {'ament_cmake_args': None, 'build_base': '/home/darkhorse/project/ros2/CHAPT3/topic_sys_monitor_ws/build/status_publisher', 'catkin_cmake_args': None, 'catkin_skip_building_tests': False, 'cmake_args': None, 'cmake_clean_cache': False, 'cmake_clean_first': False, 'cmake_force_configure': False, 'cmake_target': None, 'cmake_target_skip_unavailable': False, 'install_base': '/home/darkhorse/project/ros2/CHAPT3/topic_sys_monitor_ws/install/status_publisher', 'merge_install': False, 'path': '/home/darkhorse/project/ros2/CHAPT3/topic_sys_monitor_ws/src/status_publisher', 'symlink_install': False, 'test_result_base': None}
[0.139s] INFO:colcon.colcon_core.executor:Executing jobs using 'parallel' executor
[0.140s] DEBUG:colcon.colcon_parallel_executor.executor.parallel:run_until_complete
[0.140s] INFO:colcon.colcon_ros.task.ament_cmake.build:Building ROS package in '/home/darkhorse/project/ros2/CHAPT3/topic_sys_monitor_ws/src/status_interfaces' with build type 'ament_cmake'
[0.140s] INFO:colcon.colcon_cmake.task.cmake.build:Building CMake package in '/home/darkhorse/project/ros2/CHAPT3/topic_sys_monitor_ws/src/status_interfaces'
[0.141s] INFO:colcon.colcon_core.plugin_system:Skipping extension 'colcon_core.shell.bat': Not used on non-Windows systems
[0.141s] DEBUG:colcon.colcon_core.shell:Skip shell extension 'dsv' for command environment
[0.147s] DEBUG:colcon.colcon_core.event_handler.log_command:Invoking command in '/home/darkhorse/project/ros2/CHAPT3/topic_sys_monitor_ws/build/status_interfaces': CMAKE_PREFIX_PATH=${CMAKE_PREFIX_PATH}:/opt/ros/jazzy DEBUGINFOD_URLS=https://debuginfod.ubuntu.com /usr/bin/cmake --build /home/darkhorse/project/ros2/CHAPT3/topic_sys_monitor_ws/build/status_interfaces -- -j8 -l8
[0.392s] DEBUG:colcon.colcon_core.event_handler.log_command:Invoked command in '/home/darkhorse/project/ros2/CHAPT3/topic_sys_monitor_ws/build/status_interfaces' returned '0': CMAKE_PREFIX_PATH=${CMAKE_PREFIX_PATH}:/opt/ros/jazzy DEBUGINFOD_URLS=https://debuginfod.ubuntu.com /usr/bin/cmake --build /home/darkhorse/project/ros2/CHAPT3/topic_sys_monitor_ws/build/status_interfaces -- -j8 -l8
[0.398s] DEBUG:colcon.colcon_core.event_handler.log_command:Invoking command in '/home/darkhorse/project/ros2/CHAPT3/topic_sys_monitor_ws/build/status_interfaces': CMAKE_PREFIX_PATH=${CMAKE_PREFIX_PATH}:/opt/ros/jazzy DEBUGINFOD_URLS=https://debuginfod.ubuntu.com /usr/bin/cmake --install /home/darkhorse/project/ros2/CHAPT3/topic_sys_monitor_ws/build/status_interfaces
[0.439s] Level 1:colcon.colcon_core.environment:create_environment_scripts_only(status_interfaces)
[0.439s] DEBUG:colcon.colcon_core.event_handler.log_command:Invoked command in '/home/darkhorse/project/ros2/CHAPT3/topic_sys_monitor_ws/build/status_interfaces' returned '0': CMAKE_PREFIX_PATH=${CMAKE_PREFIX_PATH}:/opt/ros/jazzy DEBUGINFOD_URLS=https://debuginfod.ubuntu.com /usr/bin/cmake --install /home/darkhorse/project/ros2/CHAPT3/topic_sys_monitor_ws/build/status_interfaces
[0.440s] Level 1:colcon.colcon_core.environment:checking '/home/darkhorse/project/ros2/CHAPT3/topic_sys_monitor_ws/install/status_interfaces' for CMake module files
[0.441s] Level 1:colcon.colcon_core.environment:checking '/home/darkhorse/project/ros2/CHAPT3/topic_sys_monitor_ws/install/status_interfaces' for CMake config files
[0.441s] Level 1:colcon.colcon_core.shell:create_environment_hook('status_interfaces', 'cmake_prefix_path')
[0.441s] INFO:colcon.colcon_core.shell:Creating environment descriptor '/home/darkhorse/project/ros2/CHAPT3/topic_sys_monitor_ws/install/status_interfaces/share/status_interfaces/hook/cmake_prefix_path.dsv'
[0.441s] INFO:colcon.colcon_core.shell:Creating environment hook '/home/darkhorse/project/ros2/CHAPT3/topic_sys_monitor_ws/install/status_interfaces/share/status_interfaces/hook/cmake_prefix_path.sh'
[0.442s] Level 1:colcon.colcon_core.environment:checking '/home/darkhorse/project/ros2/CHAPT3/topic_sys_monitor_ws/install/status_interfaces/lib'
[0.442s] Level 1:colcon.colcon_core.shell:create_environment_hook('status_interfaces', 'ld_library_path_lib')
[0.442s] INFO:colcon.colcon_core.shell:Creating environment descriptor '/home/darkhorse/project/ros2/CHAPT3/topic_sys_monitor_ws/install/status_interfaces/share/status_interfaces/hook/ld_library_path_lib.dsv'
[0.442s] INFO:colcon.colcon_core.shell:Creating environment hook '/home/darkhorse/project/ros2/CHAPT3/topic_sys_monitor_ws/install/status_interfaces/share/status_interfaces/hook/ld_library_path_lib.sh'
[0.442s] Level 1:colcon.colcon_core.environment:checking '/home/darkhorse/project/ros2/CHAPT3/topic_sys_monitor_ws/install/status_interfaces/bin'
[0.442s] Level 1:colcon.colcon_core.environment:checking '/home/darkhorse/project/ros2/CHAPT3/topic_sys_monitor_ws/install/status_interfaces/lib/pkgconfig/status_interfaces.pc'
[0.444s] Level 1:colcon.colcon_core.environment:checking '/home/darkhorse/project/ros2/CHAPT3/topic_sys_monitor_ws/install/status_interfaces/lib/python3.12/site-packages'
[0.444s] Level 1:colcon.colcon_core.shell:create_environment_hook('status_interfaces', 'pythonpath')
[0.444s] INFO:colcon.colcon_core.shell:Creating environment descriptor '/home/darkhorse/project/ros2/CHAPT3/topic_sys_monitor_ws/install/status_interfaces/share/status_interfaces/hook/pythonpath.dsv'
[0.444s] INFO:colcon.colcon_core.shell:Creating environment hook '/home/darkhorse/project/ros2/CHAPT3/topic_sys_monitor_ws/install/status_interfaces/share/status_interfaces/hook/pythonpath.sh'
[0.445s] Level 1:colcon.colcon_core.environment:checking '/home/darkhorse/project/ros2/CHAPT3/topic_sys_monitor_ws/install/status_interfaces/bin'
[0.445s] INFO:colcon.colcon_core.shell:Creating package descriptor '/home/darkhorse/project/ros2/CHAPT3/topic_sys_monitor_ws/install/status_interfaces/share/status_interfaces/package.dsv'
[0.445s] INFO:colcon.colcon_core.shell:Creating package script '/home/darkhorse/project/ros2/CHAPT3/topic_sys_monitor_ws/install/status_interfaces/share/status_interfaces/package.sh'
[0.446s] INFO:colcon.colcon_core.shell:Creating package script '/home/darkhorse/project/ros2/CHAPT3/topic_sys_monitor_ws/install/status_interfaces/share/status_interfaces/package.bash'
[0.446s] INFO:colcon.colcon_core.shell:Creating package script '/home/darkhorse/project/ros2/CHAPT3/topic_sys_monitor_ws/install/status_interfaces/share/status_interfaces/package.zsh'
[0.446s] Level 1:colcon.colcon_core.environment:create_file_with_runtime_dependencies(/home/darkhorse/project/ros2/CHAPT3/topic_sys_monitor_ws/install/status_interfaces/share/colcon-core/packages/status_interfaces)
[0.447s] Level 1:colcon.colcon_core.environment:create_environment_scripts_only(status_interfaces)
[0.447s] Level 1:colcon.colcon_core.environment:checking '/home/darkhorse/project/ros2/CHAPT3/topic_sys_monitor_ws/install/status_interfaces' for CMake module files
[0.447s] Level 1:colcon.colcon_core.environment:checking '/home/darkhorse/project/ros2/CHAPT3/topic_sys_monitor_ws/install/status_interfaces' for CMake config files
[0.447s] Level 1:colcon.colcon_core.shell:create_environment_hook('status_interfaces', 'cmake_prefix_path')
[0.447s] INFO:colcon.colcon_core.shell:Creating environment descriptor '/home/darkhorse/project/ros2/CHAPT3/topic_sys_monitor_ws/install/status_interfaces/share/status_interfaces/hook/cmake_prefix_path.dsv'
[0.447s] INFO:colcon.colcon_core.shell:Creating environment hook '/home/darkhorse/project/ros2/CHAPT3/topic_sys_monitor_ws/install/status_interfaces/share/status_interfaces/hook/cmake_prefix_path.sh'
[0.448s] Level 1:colcon.colcon_core.environment:checking '/home/darkhorse/project/ros2/CHAPT3/topic_sys_monitor_ws/install/status_interfaces/lib'
[0.448s] Level 1:colcon.colcon_core.shell:create_environment_hook('status_interfaces', 'ld_library_path_lib')
[0.448s] INFO:colcon.colcon_core.shell:Creating environment descriptor '/home/darkhorse/project/ros2/CHAPT3/topic_sys_monitor_ws/install/status_interfaces/share/status_interfaces/hook/ld_library_path_lib.dsv'
[0.448s] INFO:colcon.colcon_core.shell:Creating environment hook '/home/darkhorse/project/ros2/CHAPT3/topic_sys_monitor_ws/install/status_interfaces/share/status_interfaces/hook/ld_library_path_lib.sh'
[0.449s] Level 1:colcon.colcon_core.environment:checking '/home/darkhorse/project/ros2/CHAPT3/topic_sys_monitor_ws/install/status_interfaces/bin'
[0.449s] Level 1:colcon.colcon_core.environment:checking '/home/darkhorse/project/ros2/CHAPT3/topic_sys_monitor_ws/install/status_interfaces/lib/pkgconfig/status_interfaces.pc'
[0.449s] Level 1:colcon.colcon_core.environment:checking '/home/darkhorse/project/ros2/CHAPT3/topic_sys_monitor_ws/install/status_interfaces/lib/python3.12/site-packages'
[0.449s] Level 1:colcon.colcon_core.shell:create_environment_hook('status_interfaces', 'pythonpath')
[0.449s] INFO:colcon.colcon_core.shell:Creating environment descriptor '/home/darkhorse/project/ros2/CHAPT3/topic_sys_monitor_ws/install/status_interfaces/share/status_interfaces/hook/pythonpath.dsv'
[0.449s] INFO:colcon.colcon_core.shell:Creating environment hook '/home/darkhorse/project/ros2/CHAPT3/topic_sys_monitor_ws/install/status_interfaces/share/status_interfaces/hook/pythonpath.sh'
[0.450s] Level 1:colcon.colcon_core.environment:checking '/home/darkhorse/project/ros2/CHAPT3/topic_sys_monitor_ws/install/status_interfaces/bin'
[0.450s] INFO:colcon.colcon_core.shell:Creating package descriptor '/home/darkhorse/project/ros2/CHAPT3/topic_sys_monitor_ws/install/status_interfaces/share/status_interfaces/package.dsv'
[0.451s] INFO:colcon.colcon_core.shell:Creating package script '/home/darkhorse/project/ros2/CHAPT3/topic_sys_monitor_ws/install/status_interfaces/share/status_interfaces/package.sh'
[0.451s] INFO:colcon.colcon_core.shell:Creating package script '/home/darkhorse/project/ros2/CHAPT3/topic_sys_monitor_ws/install/status_interfaces/share/status_interfaces/package.bash'
[0.451s] INFO:colcon.colcon_core.shell:Creating package script '/home/darkhorse/project/ros2/CHAPT3/topic_sys_monitor_ws/install/status_interfaces/share/status_interfaces/package.zsh'
[0.451s] Level 1:colcon.colcon_core.environment:create_file_with_runtime_dependencies(/home/darkhorse/project/ros2/CHAPT3/topic_sys_monitor_ws/install/status_interfaces/share/colcon-core/packages/status_interfaces)
[0.452s] INFO:colcon.colcon_ros.task.ament_cmake.build:Building ROS package in '/home/darkhorse/project/ros2/CHAPT3/topic_sys_monitor_ws/src/status_display' with build type 'ament_cmake'
[0.452s] INFO:colcon.colcon_cmake.task.cmake.build:Building CMake package in '/home/darkhorse/project/ros2/CHAPT3/topic_sys_monitor_ws/src/status_display'
[0.452s] DEBUG:colcon.colcon_core.shell:Skip shell extension 'dsv' for command environment
[0.454s] INFO:colcon.colcon_ros.task.ament_cmake.build:Building ROS package in '/home/darkhorse/project/ros2/CHAPT3/topic_sys_monitor_ws/src/status_publisher' with build type 'ament_cmake'
[0.454s] INFO:colcon.colcon_cmake.task.cmake.build:Building CMake package in '/home/darkhorse/project/ros2/CHAPT3/topic_sys_monitor_ws/src/status_publisher'
[0.454s] DEBUG:colcon.colcon_core.shell:Skip shell extension 'dsv' for command environment
[0.488s] DEBUG:colcon.colcon_core.event_handler.log_command:Invoking command in '/home/darkhorse/project/ros2/CHAPT3/topic_sys_monitor_ws/build/status_publisher': AMENT_PREFIX_PATH=/home/darkhorse/project/ros2/CHAPT3/topic_sys_monitor_ws/install/status_interfaces:${AMENT_PREFIX_PATH} CMAKE_PREFIX_PATH=/home/darkhorse/project/ros2/CHAPT3/topic_sys_monitor_ws/install/status_interfaces:/opt/ros/jazzy/opt/gz_math_vendor:/opt/ros/jazzy/opt/gz_utils_vendor:/opt/ros/jazzy/opt/gz_cmake_vendor:/opt/ros/jazzy DEBUGINFOD_URLS=https://debuginfod.ubuntu.com LD_LIBRARY_PATH=/home/darkhorse/project/ros2/CHAPT3/topic_sys_monitor_ws/install/status_interfaces/lib:${LD_LIBRARY_PATH} PYTHONPATH=/home/darkhorse/project/ros2/CHAPT3/topic_sys_monitor_ws/install/status_interfaces/lib/python3.12/site-packages:${PYTHONPATH} /usr/bin/cmake --build /home/darkhorse/project/ros2/CHAPT3/topic_sys_monitor_ws/build/status_publisher -- -j8 -l8
[0.490s] DEBUG:colcon.colcon_core.event_handler.log_command:Invoking command in '/home/darkhorse/project/ros2/CHAPT3/topic_sys_monitor_ws/build/status_display': AMENT_PREFIX_PATH=/home/darkhorse/project/ros2/CHAPT3/topic_sys_monitor_ws/install/status_interfaces:${AMENT_PREFIX_PATH} CMAKE_PREFIX_PATH=/home/darkhorse/project/ros2/CHAPT3/topic_sys_monitor_ws/install/status_interfaces:/opt/ros/jazzy/opt/gz_math_vendor:/opt/ros/jazzy/opt/gz_utils_vendor:/opt/ros/jazzy/opt/gz_cmake_vendor:/opt/ros/jazzy DEBUGINFOD_URLS=https://debuginfod.ubuntu.com LD_LIBRARY_PATH=/home/darkhorse/project/ros2/CHAPT3/topic_sys_monitor_ws/install/status_interfaces/lib:${LD_LIBRARY_PATH} PYTHONPATH=/home/darkhorse/project/ros2/CHAPT3/topic_sys_monitor_ws/install/status_interfaces/lib/python3.12/site-packages:${PYTHONPATH} /usr/bin/cmake --build /home/darkhorse/project/ros2/CHAPT3/topic_sys_monitor_ws/build/status_display -- -j8 -l8
[0.537s] DEBUG:colcon.colcon_core.event_handler.log_command:Invoked command in '/home/darkhorse/project/ros2/CHAPT3/topic_sys_monitor_ws/build/status_publisher' returned '0': AMENT_PREFIX_PATH=/home/darkhorse/project/ros2/CHAPT3/topic_sys_monitor_ws/install/status_interfaces:${AMENT_PREFIX_PATH} CMAKE_PREFIX_PATH=/home/darkhorse/project/ros2/CHAPT3/topic_sys_monitor_ws/install/status_interfaces:/opt/ros/jazzy/opt/gz_math_vendor:/opt/ros/jazzy/opt/gz_utils_vendor:/opt/ros/jazzy/opt/gz_cmake_vendor:/opt/ros/jazzy DEBUGINFOD_URLS=https://debuginfod.ubuntu.com LD_LIBRARY_PATH=/home/darkhorse/project/ros2/CHAPT3/topic_sys_monitor_ws/install/status_interfaces/lib:${LD_LIBRARY_PATH} PYTHONPATH=/home/darkhorse/project/ros2/CHAPT3/topic_sys_monitor_ws/install/status_interfaces/lib/python3.12/site-packages:${PYTHONPATH} /usr/bin/cmake --build /home/darkhorse/project/ros2/CHAPT3/topic_sys_monitor_ws/build/status_publisher -- -j8 -l8
[0.537s] DEBUG:colcon.colcon_core.event_handler.log_command:Invoking command in '/home/darkhorse/project/ros2/CHAPT3/topic_sys_monitor_ws/build/status_publisher': AMENT_PREFIX_PATH=/home/darkhorse/project/ros2/CHAPT3/topic_sys_monitor_ws/install/status_interfaces:${AMENT_PREFIX_PATH} CMAKE_PREFIX_PATH=/home/darkhorse/project/ros2/CHAPT3/topic_sys_monitor_ws/install/status_interfaces:/opt/ros/jazzy/opt/gz_math_vendor:/opt/ros/jazzy/opt/gz_utils_vendor:/opt/ros/jazzy/opt/gz_cmake_vendor:/opt/ros/jazzy DEBUGINFOD_URLS=https://debuginfod.ubuntu.com LD_LIBRARY_PATH=/home/darkhorse/project/ros2/CHAPT3/topic_sys_monitor_ws/install/status_interfaces/lib:${LD_LIBRARY_PATH} PYTHONPATH=/home/darkhorse/project/ros2/CHAPT3/topic_sys_monitor_ws/install/status_interfaces/lib/python3.12/site-packages:${PYTHONPATH} /usr/bin/cmake --install /home/darkhorse/project/ros2/CHAPT3/topic_sys_monitor_ws/build/status_publisher
[0.546s] Level 1:colcon.colcon_core.environment:create_environment_scripts_only(status_publisher)
[0.546s] Level 1:colcon.colcon_core.environment:checking '/home/darkhorse/project/ros2/CHAPT3/topic_sys_monitor_ws/install/status_publisher' for CMake module files
[0.546s] DEBUG:colcon.colcon_core.event_handler.log_command:Invoked command in '/home/darkhorse/project/ros2/CHAPT3/topic_sys_monitor_ws/build/status_publisher' returned '0': AMENT_PREFIX_PATH=/home/darkhorse/project/ros2/CHAPT3/topic_sys_monitor_ws/install/status_interfaces:${AMENT_PREFIX_PATH} CMAKE_PREFIX_PATH=/home/darkhorse/project/ros2/CHAPT3/topic_sys_monitor_ws/install/status_interfaces:/opt/ros/jazzy/opt/gz_math_vendor:/opt/ros/jazzy/opt/gz_utils_vendor:/opt/ros/jazzy/opt/gz_cmake_vendor:/opt/ros/jazzy DEBUGINFOD_URLS=https://debuginfod.ubuntu.com LD_LIBRARY_PATH=/home/darkhorse/project/ros2/CHAPT3/topic_sys_monitor_ws/install/status_interfaces/lib:${LD_LIBRARY_PATH} PYTHONPATH=/home/darkhorse/project/ros2/CHAPT3/topic_sys_monitor_ws/install/status_interfaces/lib/python3.12/site-packages:${PYTHONPATH} /usr/bin/cmake --install /home/darkhorse/project/ros2/CHAPT3/topic_sys_monitor_ws/build/status_publisher
[0.547s] Level 1:colcon.colcon_core.environment:checking '/home/darkhorse/project/ros2/CHAPT3/topic_sys_monitor_ws/install/status_publisher' for CMake config files
[0.547s] Level 1:colcon.colcon_core.shell:create_environment_hook('status_publisher', 'cmake_prefix_path')
[0.547s] INFO:colcon.colcon_core.shell:Creating environment descriptor '/home/darkhorse/project/ros2/CHAPT3/topic_sys_monitor_ws/install/status_publisher/share/status_publisher/hook/cmake_prefix_path.dsv'
[0.547s] INFO:colcon.colcon_core.shell:Creating environment hook '/home/darkhorse/project/ros2/CHAPT3/topic_sys_monitor_ws/install/status_publisher/share/status_publisher/hook/cmake_prefix_path.sh'
[0.548s] Level 1:colcon.colcon_core.environment:checking '/home/darkhorse/project/ros2/CHAPT3/topic_sys_monitor_ws/install/status_publisher/lib'
[0.548s] Level 1:colcon.colcon_core.environment:checking '/home/darkhorse/project/ros2/CHAPT3/topic_sys_monitor_ws/install/status_publisher/bin'
[0.548s] Level 1:colcon.colcon_core.environment:checking '/home/darkhorse/project/ros2/CHAPT3/topic_sys_monitor_ws/install/status_publisher/lib/pkgconfig/status_publisher.pc'
[0.548s] Level 1:colcon.colcon_core.environment:checking '/home/darkhorse/project/ros2/CHAPT3/topic_sys_monitor_ws/install/status_publisher/lib/python3.12/site-packages'
[0.549s] Level 1:colcon.colcon_core.environment:checking '/home/darkhorse/project/ros2/CHAPT3/topic_sys_monitor_ws/install/status_publisher/bin'
[0.549s] INFO:colcon.colcon_core.shell:Creating package descriptor '/home/darkhorse/project/ros2/CHAPT3/topic_sys_monitor_ws/install/status_publisher/share/status_publisher/package.dsv'
[0.549s] INFO:colcon.colcon_core.shell:Creating package script '/home/darkhorse/project/ros2/CHAPT3/topic_sys_monitor_ws/install/status_publisher/share/status_publisher/package.sh'
[0.549s] INFO:colcon.colcon_core.shell:Creating package script '/home/darkhorse/project/ros2/CHAPT3/topic_sys_monitor_ws/install/status_publisher/share/status_publisher/package.bash'
[0.550s] INFO:colcon.colcon_core.shell:Creating package script '/home/darkhorse/project/ros2/CHAPT3/topic_sys_monitor_ws/install/status_publisher/share/status_publisher/package.zsh'
[0.550s] Level 1:colcon.colcon_core.environment:create_file_with_runtime_dependencies(/home/darkhorse/project/ros2/CHAPT3/topic_sys_monitor_ws/install/status_publisher/share/colcon-core/packages/status_publisher)
[0.550s] Level 1:colcon.colcon_core.environment:create_environment_scripts_only(status_publisher)
[0.550s] Level 1:colcon.colcon_core.environment:checking '/home/darkhorse/project/ros2/CHAPT3/topic_sys_monitor_ws/install/status_publisher' for CMake module files
[0.551s] Level 1:colcon.colcon_core.environment:checking '/home/darkhorse/project/ros2/CHAPT3/topic_sys_monitor_ws/install/status_publisher' for CMake config files
[0.551s] Level 1:colcon.colcon_core.shell:create_environment_hook('status_publisher', 'cmake_prefix_path')
[0.551s] INFO:colcon.colcon_core.shell:Creating environment descriptor '/home/darkhorse/project/ros2/CHAPT3/topic_sys_monitor_ws/install/status_publisher/share/status_publisher/hook/cmake_prefix_path.dsv'
[0.551s] INFO:colcon.colcon_core.shell:Creating environment hook '/home/darkhorse/project/ros2/CHAPT3/topic_sys_monitor_ws/install/status_publisher/share/status_publisher/hook/cmake_prefix_path.sh'
[0.552s] Level 1:colcon.colcon_core.environment:checking '/home/darkhorse/project/ros2/CHAPT3/topic_sys_monitor_ws/install/status_publisher/lib'
[0.552s] Level 1:colcon.colcon_core.environment:checking '/home/darkhorse/project/ros2/CHAPT3/topic_sys_monitor_ws/install/status_publisher/bin'
[0.552s] Level 1:colcon.colcon_core.environment:checking '/home/darkhorse/project/ros2/CHAPT3/topic_sys_monitor_ws/install/status_publisher/lib/pkgconfig/status_publisher.pc'
[0.552s] Level 1:colcon.colcon_core.environment:checking '/home/darkhorse/project/ros2/CHAPT3/topic_sys_monitor_ws/install/status_publisher/lib/python3.12/site-packages'
[0.552s] Level 1:colcon.colcon_core.environment:checking '/home/darkhorse/project/ros2/CHAPT3/topic_sys_monitor_ws/install/status_publisher/bin'
[0.553s] INFO:colcon.colcon_core.shell:Creating package descriptor '/home/darkhorse/project/ros2/CHAPT3/topic_sys_monitor_ws/install/status_publisher/share/status_publisher/package.dsv'
[0.553s] INFO:colcon.colcon_core.shell:Creating package script '/home/darkhorse/project/ros2/CHAPT3/topic_sys_monitor_ws/install/status_publisher/share/status_publisher/package.sh'
[0.553s] INFO:colcon.colcon_core.shell:Creating package script '/home/darkhorse/project/ros2/CHAPT3/topic_sys_monitor_ws/install/status_publisher/share/status_publisher/package.bash'
[0.554s] INFO:colcon.colcon_core.shell:Creating package script '/home/darkhorse/project/ros2/CHAPT3/topic_sys_monitor_ws/install/status_publisher/share/status_publisher/package.zsh'
[0.554s] Level 1:colcon.colcon_core.environment:create_file_with_runtime_dependencies(/home/darkhorse/project/ros2/CHAPT3/topic_sys_monitor_ws/install/status_publisher/share/colcon-core/packages/status_publisher)
[6.324s] Level 1:colcon.colcon_core.environment:create_environment_scripts_only(status_display)
[6.325s] Level 1:colcon.colcon_core.environment:checking '/home/darkhorse/project/ros2/CHAPT3/topic_sys_monitor_ws/install/status_display' for CMake module files
[6.325s] DEBUG:colcon.colcon_core.event_handler.log_command:Invoked command in '/home/darkhorse/project/ros2/CHAPT3/topic_sys_monitor_ws/build/status_display' returned '2': AMENT_PREFIX_PATH=/home/darkhorse/project/ros2/CHAPT3/topic_sys_monitor_ws/install/status_interfaces:${AMENT_PREFIX_PATH} CMAKE_PREFIX_PATH=/home/darkhorse/project/ros2/CHAPT3/topic_sys_monitor_ws/install/status_interfaces:/opt/ros/jazzy/opt/gz_math_vendor:/opt/ros/jazzy/opt/gz_utils_vendor:/opt/ros/jazzy/opt/gz_cmake_vendor:/opt/ros/jazzy DEBUGINFOD_URLS=https://debuginfod.ubuntu.com LD_LIBRARY_PATH=/home/darkhorse/project/ros2/CHAPT3/topic_sys_monitor_ws/install/status_interfaces/lib:${LD_LIBRARY_PATH} PYTHONPATH=/home/darkhorse/project/ros2/CHAPT3/topic_sys_monitor_ws/install/status_interfaces/lib/python3.12/site-packages:${PYTHONPATH} /usr/bin/cmake --build /home/darkhorse/project/ros2/CHAPT3/topic_sys_monitor_ws/build/status_display -- -j8 -l8
[6.325s] Level 1:colcon.colcon_core.environment:checking '/home/darkhorse/project/ros2/CHAPT3/topic_sys_monitor_ws/install/status_display' for CMake config files
[6.325s] Level 1:colcon.colcon_core.shell:create_environment_hook('status_display', 'cmake_prefix_path')
[6.326s] INFO:colcon.colcon_core.shell:Creating environment descriptor '/home/darkhorse/project/ros2/CHAPT3/topic_sys_monitor_ws/install/status_display/share/status_display/hook/cmake_prefix_path.dsv'
[6.326s] INFO:colcon.colcon_core.shell:Creating environment hook '/home/darkhorse/project/ros2/CHAPT3/topic_sys_monitor_ws/install/status_display/share/status_display/hook/cmake_prefix_path.sh'
[6.327s] Level 1:colcon.colcon_core.environment:checking '/home/darkhorse/project/ros2/CHAPT3/topic_sys_monitor_ws/install/status_display/lib'
[6.327s] Level 1:colcon.colcon_core.environment:checking '/home/darkhorse/project/ros2/CHAPT3/topic_sys_monitor_ws/install/status_display/bin'
[6.327s] Level 1:colcon.colcon_core.environment:checking '/home/darkhorse/project/ros2/CHAPT3/topic_sys_monitor_ws/install/status_display/lib/pkgconfig/status_display.pc'
[6.327s] Level 1:colcon.colcon_core.environment:checking '/home/darkhorse/project/ros2/CHAPT3/topic_sys_monitor_ws/install/status_display/lib/python3.12/site-packages'
[6.327s] Level 1:colcon.colcon_core.environment:checking '/home/darkhorse/project/ros2/CHAPT3/topic_sys_monitor_ws/install/status_display/bin'
[6.328s] INFO:colcon.colcon_core.shell:Creating package descriptor '/home/darkhorse/project/ros2/CHAPT3/topic_sys_monitor_ws/install/status_display/share/status_display/package.dsv'
[6.328s] INFO:colcon.colcon_core.shell:Creating package script '/home/darkhorse/project/ros2/CHAPT3/topic_sys_monitor_ws/install/status_display/share/status_display/package.sh'
[6.329s] INFO:colcon.colcon_core.shell:Creating package script '/home/darkhorse/project/ros2/CHAPT3/topic_sys_monitor_ws/install/status_display/share/status_display/package.bash'
[6.330s] INFO:colcon.colcon_core.shell:Creating package script '/home/darkhorse/project/ros2/CHAPT3/topic_sys_monitor_ws/install/status_display/share/status_display/package.zsh'
[6.331s] Level 1:colcon.colcon_core.environment:create_file_with_runtime_dependencies(/home/darkhorse/project/ros2/CHAPT3/topic_sys_monitor_ws/install/status_display/share/colcon-core/packages/status_display)
[6.341s] DEBUG:colcon.colcon_parallel_executor.executor.parallel:closing loop
[6.342s] DEBUG:colcon.colcon_parallel_executor.executor.parallel:loop closed
[6.342s] DEBUG:colcon.colcon_parallel_executor.executor.parallel:run_until_complete finished with '2'
[6.342s] DEBUG:colcon.colcon_core.event_reactor:joining thread
[6.362s] INFO:colcon.colcon_core.plugin_system:Skipping extension 'colcon_notification.desktop_notification.notify_send': Could not find 'notify-send'
[6.362s] INFO:colcon.colcon_core.plugin_system:Skipping extension 'colcon_notification.desktop_notification.terminal_notifier': Not used on non-Darwin systems
[6.362s] INFO:colcon.colcon_core.plugin_system:Skipping extension 'colcon_notification.desktop_notification.win32': Not used on non-Windows systems
[6.362s] INFO:colcon.colcon_notification.desktop_notification:Sending desktop notification using 'notify2'
[6.362s] DEBUG:colcon.colcon_notification.desktop_notification.notify2:Failed to initialize notify2: org.freedesktop.DBus.Error.FileNotFound: Failed to connect to socket /run/user/1000/bus: No such file or directory
[6.362s] DEBUG:colcon.colcon_core.event_reactor:joined thread
[6.362s] INFO:colcon.colcon_core.shell:Creating prefix script '/home/darkhorse/project/ros2/CHAPT3/topic_sys_monitor_ws/install/local_setup.sh'
[6.363s] INFO:colcon.colcon_core.shell:Creating prefix util module '/home/darkhorse/project/ros2/CHAPT3/topic_sys_monitor_ws/install/_local_setup_util_sh.py'
[6.364s] INFO:colcon.colcon_core.shell:Creating prefix chain script '/home/darkhorse/project/ros2/CHAPT3/topic_sys_monitor_ws/install/setup.sh'
[6.364s] INFO:colcon.colcon_core.shell:Creating prefix script '/home/darkhorse/project/ros2/CHAPT3/topic_sys_monitor_ws/install/local_setup.bash'
[6.365s] INFO:colcon.colcon_core.shell:Creating prefix chain script '/home/darkhorse/project/ros2/CHAPT3/topic_sys_monitor_ws/install/setup.bash'
[6.365s] INFO:colcon.colcon_core.shell:Creating prefix script '/home/darkhorse/project/ros2/CHAPT3/topic_sys_monitor_ws/install/local_setup.zsh'
[6.366s] INFO:colcon.colcon_core.shell:Creating prefix chain script '/home/darkhorse/project/ros2/CHAPT3/topic_sys_monitor_ws/install/setup.zsh'
