[0.008s] Invoking command in '/home/darkhorse/project/ros2/CHAPT3/topic_sys_monitor_ws/build/status_interfaces': CMAKE_PREFIX_PATH=${CMAKE_PREFIX_PATH}:/opt/ros/jazzy DEBUGINFOD_URLS=https://debuginfod.ubuntu.com /usr/bin/cmake --build /home/darkhorse/project/ros2/CHAPT3/topic_sys_monitor_ws/build/status_interfaces -- -j8 -l8
[0.045s] [  2%] Built target status_interfaces__rosidl_generator_type_description
[0.053s] [  2%] Built target ament_cmake_python_copy_status_interfaces
[0.061s] [ 17%] Built target status_interfaces__rosidl_generator_c
[0.062s] [ 20%] Built target status_interfaces__cpp
[0.082s] [ 29%] Built target status_interfaces__rosidl_typesupport_fastrtps_c
[0.082s] [ 38%] Built target status_interfaces__rosidl_typesupport_c
[0.082s] [ 47%] Built target status_interfaces__rosidl_typesupport_introspection_c
[0.083s] [ 55%] Built target status_interfaces__rosidl_typesupport_introspection_cpp
[0.084s] [ 64%] Built target status_interfaces__rosidl_typesupport_cpp
[0.088s] [ 73%] Built target status_interfaces__rosidl_typesupport_fastrtps_cpp
[0.103s] [ 73%] Built target status_interfaces
[0.117s] [ 76%] Built target status_interfaces__py
[0.137s] [ 82%] Built target status_interfaces__rosidl_generator_py
[0.155s] [ 88%] Built target status_interfaces_s__rosidl_typesupport_fastrtps_c
[0.155s] [ 94%] Built target status_interfaces_s__rosidl_typesupport_c
[0.156s] [100%] Built target status_interfaces_s__rosidl_typesupport_introspection_c
[0.210s] running egg_info
[0.222s] writing status_interfaces.egg-info/PKG-INFO
[0.222s] writing dependency_links to status_interfaces.egg-info/dependency_links.txt
[0.222s] writing top-level names to status_interfaces.egg-info/top_level.txt
[0.250s] reading manifest file 'status_interfaces.egg-info/SOURCES.txt'
[0.251s] writing manifest file 'status_interfaces.egg-info/SOURCES.txt'
[0.266s] [100%] Built target ament_cmake_python_build_status_interfaces_egg
[0.274s] Invoked command in '/home/darkhorse/project/ros2/CHAPT3/topic_sys_monitor_ws/build/status_interfaces' returned '0': CMAKE_PREFIX_PATH=${CMAKE_PREFIX_PATH}:/opt/ros/jazzy DEBUGINFOD_URLS=https://debuginfod.ubuntu.com /usr/bin/cmake --build /home/darkhorse/project/ros2/CHAPT3/topic_sys_monitor_ws/build/status_interfaces -- -j8 -l8
[0.280s] Invoking command in '/home/darkhorse/project/ros2/CHAPT3/topic_sys_monitor_ws/build/status_interfaces': CMAKE_PREFIX_PATH=${CMAKE_PREFIX_PATH}:/opt/ros/jazzy DEBUGINFOD_URLS=https://debuginfod.ubuntu.com /usr/bin/cmake --install /home/darkhorse/project/ros2/CHAPT3/topic_sys_monitor_ws/build/status_interfaces
[0.286s] -- Install configuration: ""
[0.286s] -- Up-to-date: /home/darkhorse/project/ros2/CHAPT3/topic_sys_monitor_ws/install/status_interfaces/share/ament_index/resource_index/rosidl_interfaces/status_interfaces
[0.287s] -- Up-to-date: /home/darkhorse/project/ros2/CHAPT3/topic_sys_monitor_ws/install/status_interfaces/share/status_interfaces/msg/SystemStatus.json
[0.287s] -- Up-to-date: /home/darkhorse/project/ros2/CHAPT3/topic_sys_monitor_ws/install/status_interfaces/include/status_interfaces/status_interfaces
[0.287s] -- Up-to-date: /home/darkhorse/project/ros2/CHAPT3/topic_sys_monitor_ws/install/status_interfaces/include/status_interfaces/status_interfaces/msg
[0.287s] -- Up-to-date: /home/darkhorse/project/ros2/CHAPT3/topic_sys_monitor_ws/install/status_interfaces/include/status_interfaces/status_interfaces/msg/rosidl_generator_c__visibility_control.h
[0.287s] -- Up-to-date: /home/darkhorse/project/ros2/CHAPT3/topic_sys_monitor_ws/install/status_interfaces/include/status_interfaces/status_interfaces/msg/system_status.h
[0.287s] -- Up-to-date: /home/darkhorse/project/ros2/CHAPT3/topic_sys_monitor_ws/install/status_interfaces/include/status_interfaces/status_interfaces/msg/detail
[0.287s] -- Up-to-date: /home/darkhorse/project/ros2/CHAPT3/topic_sys_monitor_ws/install/status_interfaces/include/status_interfaces/status_interfaces/msg/detail/system_status__struct.h
[0.287s] -- Up-to-date: /home/darkhorse/project/ros2/CHAPT3/topic_sys_monitor_ws/install/status_interfaces/include/status_interfaces/status_interfaces/msg/detail/system_status__functions.c
[0.287s] -- Up-to-date: /home/darkhorse/project/ros2/CHAPT3/topic_sys_monitor_ws/install/status_interfaces/include/status_interfaces/status_interfaces/msg/detail/system_status__functions.h
[0.287s] -- Up-to-date: /home/darkhorse/project/ros2/CHAPT3/topic_sys_monitor_ws/install/status_interfaces/include/status_interfaces/status_interfaces/msg/detail/system_status__type_support.c
[0.287s] -- Up-to-date: /home/darkhorse/project/ros2/CHAPT3/topic_sys_monitor_ws/install/status_interfaces/include/status_interfaces/status_interfaces/msg/detail/system_status__type_support.h
[0.288s] -- Up-to-date: /home/darkhorse/project/ros2/CHAPT3/topic_sys_monitor_ws/install/status_interfaces/include/status_interfaces/status_interfaces/msg/detail/system_status__description.c
[0.288s] -- Up-to-date: /home/darkhorse/project/ros2/CHAPT3/topic_sys_monitor_ws/install/status_interfaces/share/status_interfaces/environment/library_path.sh
[0.288s] -- Up-to-date: /home/darkhorse/project/ros2/CHAPT3/topic_sys_monitor_ws/install/status_interfaces/share/status_interfaces/environment/library_path.dsv
[0.288s] -- Up-to-date: /home/darkhorse/project/ros2/CHAPT3/topic_sys_monitor_ws/install/status_interfaces/lib/libstatus_interfaces__rosidl_generator_c.so
[0.288s] -- Up-to-date: /home/darkhorse/project/ros2/CHAPT3/topic_sys_monitor_ws/install/status_interfaces/include/status_interfaces/status_interfaces
[0.288s] -- Up-to-date: /home/darkhorse/project/ros2/CHAPT3/topic_sys_monitor_ws/install/status_interfaces/include/status_interfaces/status_interfaces/msg
[0.288s] -- Up-to-date: /home/darkhorse/project/ros2/CHAPT3/topic_sys_monitor_ws/install/status_interfaces/include/status_interfaces/status_interfaces/msg/rosidl_typesupport_fastrtps_c__visibility_control.h
[0.288s] -- Up-to-date: /home/darkhorse/project/ros2/CHAPT3/topic_sys_monitor_ws/install/status_interfaces/include/status_interfaces/status_interfaces/msg/detail
[0.288s] -- Up-to-date: /home/darkhorse/project/ros2/CHAPT3/topic_sys_monitor_ws/install/status_interfaces/include/status_interfaces/status_interfaces/msg/detail/system_status__rosidl_typesupport_fastrtps_c.h
[0.288s] -- Up-to-date: /home/darkhorse/project/ros2/CHAPT3/topic_sys_monitor_ws/install/status_interfaces/lib/libstatus_interfaces__rosidl_typesupport_fastrtps_c.so
[0.288s] -- Up-to-date: /home/darkhorse/project/ros2/CHAPT3/topic_sys_monitor_ws/install/status_interfaces/include/status_interfaces/status_interfaces
[0.288s] -- Up-to-date: /home/darkhorse/project/ros2/CHAPT3/topic_sys_monitor_ws/install/status_interfaces/include/status_interfaces/status_interfaces/msg
[0.288s] -- Up-to-date: /home/darkhorse/project/ros2/CHAPT3/topic_sys_monitor_ws/install/status_interfaces/include/status_interfaces/status_interfaces/msg/rosidl_generator_cpp__visibility_control.hpp
[0.288s] -- Up-to-date: /home/darkhorse/project/ros2/CHAPT3/topic_sys_monitor_ws/install/status_interfaces/include/status_interfaces/status_interfaces/msg/system_status.hpp
[0.288s] -- Up-to-date: /home/darkhorse/project/ros2/CHAPT3/topic_sys_monitor_ws/install/status_interfaces/include/status_interfaces/status_interfaces/msg/detail
[0.288s] -- Up-to-date: /home/darkhorse/project/ros2/CHAPT3/topic_sys_monitor_ws/install/status_interfaces/include/status_interfaces/status_interfaces/msg/detail/system_status__struct.hpp
[0.288s] -- Up-to-date: /home/darkhorse/project/ros2/CHAPT3/topic_sys_monitor_ws/install/status_interfaces/include/status_interfaces/status_interfaces/msg/detail/system_status__traits.hpp
[0.288s] -- Up-to-date: /home/darkhorse/project/ros2/CHAPT3/topic_sys_monitor_ws/install/status_interfaces/include/status_interfaces/status_interfaces/msg/detail/system_status__builder.hpp
[0.288s] -- Up-to-date: /home/darkhorse/project/ros2/CHAPT3/topic_sys_monitor_ws/install/status_interfaces/include/status_interfaces/status_interfaces/msg/detail/system_status__type_support.hpp
[0.289s] -- Up-to-date: /home/darkhorse/project/ros2/CHAPT3/topic_sys_monitor_ws/install/status_interfaces/include/status_interfaces/status_interfaces
[0.289s] -- Up-to-date: /home/darkhorse/project/ros2/CHAPT3/topic_sys_monitor_ws/install/status_interfaces/include/status_interfaces/status_interfaces/msg
[0.289s] -- Up-to-date: /home/darkhorse/project/ros2/CHAPT3/topic_sys_monitor_ws/install/status_interfaces/include/status_interfaces/status_interfaces/msg/rosidl_typesupport_fastrtps_cpp__visibility_control.h
[0.289s] -- Up-to-date: /home/darkhorse/project/ros2/CHAPT3/topic_sys_monitor_ws/install/status_interfaces/include/status_interfaces/status_interfaces/msg/detail
[0.289s] -- Up-to-date: /home/darkhorse/project/ros2/CHAPT3/topic_sys_monitor_ws/install/status_interfaces/include/status_interfaces/status_interfaces/msg/detail/dds_fastrtps
[0.289s] -- Up-to-date: /home/darkhorse/project/ros2/CHAPT3/topic_sys_monitor_ws/install/status_interfaces/include/status_interfaces/status_interfaces/msg/detail/system_status__rosidl_typesupport_fastrtps_cpp.hpp
[0.289s] -- Up-to-date: /home/darkhorse/project/ros2/CHAPT3/topic_sys_monitor_ws/install/status_interfaces/lib/libstatus_interfaces__rosidl_typesupport_fastrtps_cpp.so
[0.289s] -- Up-to-date: /home/darkhorse/project/ros2/CHAPT3/topic_sys_monitor_ws/install/status_interfaces/include/status_interfaces/status_interfaces
[0.289s] -- Up-to-date: /home/darkhorse/project/ros2/CHAPT3/topic_sys_monitor_ws/install/status_interfaces/include/status_interfaces/status_interfaces/msg
[0.289s] -- Up-to-date: /home/darkhorse/project/ros2/CHAPT3/topic_sys_monitor_ws/install/status_interfaces/include/status_interfaces/status_interfaces/msg/detail
[0.289s] -- Up-to-date: /home/darkhorse/project/ros2/CHAPT3/topic_sys_monitor_ws/install/status_interfaces/include/status_interfaces/status_interfaces/msg/detail/system_status__rosidl_typesupport_introspection_c.h
[0.289s] -- Up-to-date: /home/darkhorse/project/ros2/CHAPT3/topic_sys_monitor_ws/install/status_interfaces/include/status_interfaces/status_interfaces/msg/detail/system_status__type_support.c
[0.289s] -- Up-to-date: /home/darkhorse/project/ros2/CHAPT3/topic_sys_monitor_ws/install/status_interfaces/include/status_interfaces/status_interfaces/msg/rosidl_typesupport_introspection_c__visibility_control.h
[0.289s] -- Up-to-date: /home/darkhorse/project/ros2/CHAPT3/topic_sys_monitor_ws/install/status_interfaces/lib/libstatus_interfaces__rosidl_typesupport_introspection_c.so
[0.289s] -- Up-to-date: /home/darkhorse/project/ros2/CHAPT3/topic_sys_monitor_ws/install/status_interfaces/lib/libstatus_interfaces__rosidl_typesupport_c.so
[0.289s] -- Up-to-date: /home/darkhorse/project/ros2/CHAPT3/topic_sys_monitor_ws/install/status_interfaces/include/status_interfaces/status_interfaces
[0.289s] -- Up-to-date: /home/darkhorse/project/ros2/CHAPT3/topic_sys_monitor_ws/install/status_interfaces/include/status_interfaces/status_interfaces/msg
[0.289s] -- Up-to-date: /home/darkhorse/project/ros2/CHAPT3/topic_sys_monitor_ws/install/status_interfaces/include/status_interfaces/status_interfaces/msg/detail
[0.289s] -- Up-to-date: /home/darkhorse/project/ros2/CHAPT3/topic_sys_monitor_ws/install/status_interfaces/include/status_interfaces/status_interfaces/msg/detail/system_status__rosidl_typesupport_introspection_cpp.hpp
[0.289s] -- Up-to-date: /home/darkhorse/project/ros2/CHAPT3/topic_sys_monitor_ws/install/status_interfaces/include/status_interfaces/status_interfaces/msg/detail/system_status__type_support.cpp
[0.289s] -- Up-to-date: /home/darkhorse/project/ros2/CHAPT3/topic_sys_monitor_ws/install/status_interfaces/lib/libstatus_interfaces__rosidl_typesupport_introspection_cpp.so
[0.289s] -- Up-to-date: /home/darkhorse/project/ros2/CHAPT3/topic_sys_monitor_ws/install/status_interfaces/lib/libstatus_interfaces__rosidl_typesupport_cpp.so
[0.290s] -- Up-to-date: /home/darkhorse/project/ros2/CHAPT3/topic_sys_monitor_ws/install/status_interfaces/share/status_interfaces/environment/pythonpath.sh
[0.290s] -- Up-to-date: /home/darkhorse/project/ros2/CHAPT3/topic_sys_monitor_ws/install/status_interfaces/share/status_interfaces/environment/pythonpath.dsv
[0.290s] -- Up-to-date: /home/darkhorse/project/ros2/CHAPT3/topic_sys_monitor_ws/install/status_interfaces/lib/python3.12/site-packages/status_interfaces-0.0.0-py3.12.egg-info
[0.290s] -- Installing: /home/darkhorse/project/ros2/CHAPT3/topic_sys_monitor_ws/install/status_interfaces/lib/python3.12/site-packages/status_interfaces-0.0.0-py3.12.egg-info/dependency_links.txt
[0.290s] -- Installing: /home/darkhorse/project/ros2/CHAPT3/topic_sys_monitor_ws/install/status_interfaces/lib/python3.12/site-packages/status_interfaces-0.0.0-py3.12.egg-info/top_level.txt
[0.290s] -- Installing: /home/darkhorse/project/ros2/CHAPT3/topic_sys_monitor_ws/install/status_interfaces/lib/python3.12/site-packages/status_interfaces-0.0.0-py3.12.egg-info/PKG-INFO
[0.290s] -- Installing: /home/darkhorse/project/ros2/CHAPT3/topic_sys_monitor_ws/install/status_interfaces/lib/python3.12/site-packages/status_interfaces-0.0.0-py3.12.egg-info/SOURCES.txt
[0.290s] -- Up-to-date: /home/darkhorse/project/ros2/CHAPT3/topic_sys_monitor_ws/install/status_interfaces/lib/python3.12/site-packages/status_interfaces
[0.290s] -- Up-to-date: /home/darkhorse/project/ros2/CHAPT3/topic_sys_monitor_ws/install/status_interfaces/lib/python3.12/site-packages/status_interfaces/_status_interfaces_s.ep.rosidl_typesupport_c.c
[0.290s] -- Up-to-date: /home/darkhorse/project/ros2/CHAPT3/topic_sys_monitor_ws/install/status_interfaces/lib/python3.12/site-packages/status_interfaces/__init__.py
[0.290s] -- Up-to-date: /home/darkhorse/project/ros2/CHAPT3/topic_sys_monitor_ws/install/status_interfaces/lib/python3.12/site-packages/status_interfaces/_status_interfaces_s.ep.rosidl_typesupport_introspection_c.c
[0.290s] -- Up-to-date: /home/darkhorse/project/ros2/CHAPT3/topic_sys_monitor_ws/install/status_interfaces/lib/python3.12/site-packages/status_interfaces/_status_interfaces_s.ep.rosidl_typesupport_fastrtps_c.c
[0.290s] -- Up-to-date: /home/darkhorse/project/ros2/CHAPT3/topic_sys_monitor_ws/install/status_interfaces/lib/python3.12/site-packages/status_interfaces/status_interfaces_s__rosidl_typesupport_introspection_c.so
[0.290s] -- Up-to-date: /home/darkhorse/project/ros2/CHAPT3/topic_sys_monitor_ws/install/status_interfaces/lib/python3.12/site-packages/status_interfaces/status_interfaces_s__rosidl_typesupport_c.so
[0.290s] -- Up-to-date: /home/darkhorse/project/ros2/CHAPT3/topic_sys_monitor_ws/install/status_interfaces/lib/python3.12/site-packages/status_interfaces/msg
[0.290s] -- Up-to-date: /home/darkhorse/project/ros2/CHAPT3/topic_sys_monitor_ws/install/status_interfaces/lib/python3.12/site-packages/status_interfaces/msg/_system_status_s.c
[0.290s] -- Up-to-date: /home/darkhorse/project/ros2/CHAPT3/topic_sys_monitor_ws/install/status_interfaces/lib/python3.12/site-packages/status_interfaces/msg/__init__.py
[0.290s] -- Up-to-date: /home/darkhorse/project/ros2/CHAPT3/topic_sys_monitor_ws/install/status_interfaces/lib/python3.12/site-packages/status_interfaces/msg/_system_status.py
[0.290s] -- Up-to-date: /home/darkhorse/project/ros2/CHAPT3/topic_sys_monitor_ws/install/status_interfaces/lib/python3.12/site-packages/status_interfaces/status_interfaces_s__rosidl_typesupport_fastrtps_c.so
[0.313s] Listing '/home/darkhorse/project/ros2/CHAPT3/topic_sys_monitor_ws/install/status_interfaces/lib/python3.12/site-packages/status_interfaces'...
[0.313s] Listing '/home/darkhorse/project/ros2/CHAPT3/topic_sys_monitor_ws/install/status_interfaces/lib/python3.12/site-packages/status_interfaces/msg'...
[0.318s] -- Up-to-date: /home/darkhorse/project/ros2/CHAPT3/topic_sys_monitor_ws/install/status_interfaces/lib/python3.12/site-packages/status_interfaces/status_interfaces_s__rosidl_typesupport_fastrtps_c.so
[0.319s] -- Up-to-date: /home/darkhorse/project/ros2/CHAPT3/topic_sys_monitor_ws/install/status_interfaces/lib/python3.12/site-packages/status_interfaces/status_interfaces_s__rosidl_typesupport_introspection_c.so
[0.320s] -- Up-to-date: /home/darkhorse/project/ros2/CHAPT3/topic_sys_monitor_ws/install/status_interfaces/lib/python3.12/site-packages/status_interfaces/status_interfaces_s__rosidl_typesupport_c.so
[0.320s] -- Up-to-date: /home/darkhorse/project/ros2/CHAPT3/topic_sys_monitor_ws/install/status_interfaces/lib/libstatus_interfaces__rosidl_generator_py.so
[0.320s] -- Up-to-date: /home/darkhorse/project/ros2/CHAPT3/topic_sys_monitor_ws/install/status_interfaces/share/status_interfaces/msg/SystemStatus.idl
[0.320s] -- Up-to-date: /home/darkhorse/project/ros2/CHAPT3/topic_sys_monitor_ws/install/status_interfaces/share/status_interfaces/msg/SystemStatus.msg
[0.320s] -- Up-to-date: /home/darkhorse/project/ros2/CHAPT3/topic_sys_monitor_ws/install/status_interfaces/share/ament_index/resource_index/package_run_dependencies/status_interfaces
[0.320s] -- Up-to-date: /home/darkhorse/project/ros2/CHAPT3/topic_sys_monitor_ws/install/status_interfaces/share/ament_index/resource_index/parent_prefix_path/status_interfaces
[0.321s] -- Up-to-date: /home/darkhorse/project/ros2/CHAPT3/topic_sys_monitor_ws/install/status_interfaces/share/status_interfaces/environment/ament_prefix_path.sh
[0.321s] -- Up-to-date: /home/darkhorse/project/ros2/CHAPT3/topic_sys_monitor_ws/install/status_interfaces/share/status_interfaces/environment/ament_prefix_path.dsv
[0.321s] -- Up-to-date: /home/darkhorse/project/ros2/CHAPT3/topic_sys_monitor_ws/install/status_interfaces/share/status_interfaces/environment/path.sh
[0.321s] -- Up-to-date: /home/darkhorse/project/ros2/CHAPT3/topic_sys_monitor_ws/install/status_interfaces/share/status_interfaces/environment/path.dsv
[0.321s] -- Up-to-date: /home/darkhorse/project/ros2/CHAPT3/topic_sys_monitor_ws/install/status_interfaces/share/status_interfaces/local_setup.bash
[0.321s] -- Up-to-date: /home/darkhorse/project/ros2/CHAPT3/topic_sys_monitor_ws/install/status_interfaces/share/status_interfaces/local_setup.sh
[0.321s] -- Up-to-date: /home/darkhorse/project/ros2/CHAPT3/topic_sys_monitor_ws/install/status_interfaces/share/status_interfaces/local_setup.zsh
[0.321s] -- Up-to-date: /home/darkhorse/project/ros2/CHAPT3/topic_sys_monitor_ws/install/status_interfaces/share/status_interfaces/local_setup.dsv
[0.321s] -- Installing: /home/darkhorse/project/ros2/CHAPT3/topic_sys_monitor_ws/install/status_interfaces/share/status_interfaces/package.dsv
[0.321s] -- Up-to-date: /home/darkhorse/project/ros2/CHAPT3/topic_sys_monitor_ws/install/status_interfaces/share/ament_index/resource_index/packages/status_interfaces
[0.321s] -- Up-to-date: /home/darkhorse/project/ros2/CHAPT3/topic_sys_monitor_ws/install/status_interfaces/share/status_interfaces/cmake/export_status_interfaces__rosidl_generator_cExport.cmake
[0.321s] -- Up-to-date: /home/darkhorse/project/ros2/CHAPT3/topic_sys_monitor_ws/install/status_interfaces/share/status_interfaces/cmake/export_status_interfaces__rosidl_generator_cExport-noconfig.cmake
[0.322s] -- Up-to-date: /home/darkhorse/project/ros2/CHAPT3/topic_sys_monitor_ws/install/status_interfaces/share/status_interfaces/cmake/export_status_interfaces__rosidl_typesupport_fastrtps_cExport.cmake
[0.322s] -- Up-to-date: /home/darkhorse/project/ros2/CHAPT3/topic_sys_monitor_ws/install/status_interfaces/share/status_interfaces/cmake/export_status_interfaces__rosidl_typesupport_fastrtps_cExport-noconfig.cmake
[0.322s] -- Up-to-date: /home/darkhorse/project/ros2/CHAPT3/topic_sys_monitor_ws/install/status_interfaces/share/status_interfaces/cmake/export_status_interfaces__rosidl_generator_cppExport.cmake
[0.322s] -- Up-to-date: /home/darkhorse/project/ros2/CHAPT3/topic_sys_monitor_ws/install/status_interfaces/share/status_interfaces/cmake/export_status_interfaces__rosidl_typesupport_fastrtps_cppExport.cmake
[0.322s] -- Up-to-date: /home/darkhorse/project/ros2/CHAPT3/topic_sys_monitor_ws/install/status_interfaces/share/status_interfaces/cmake/export_status_interfaces__rosidl_typesupport_fastrtps_cppExport-noconfig.cmake
[0.322s] -- Up-to-date: /home/darkhorse/project/ros2/CHAPT3/topic_sys_monitor_ws/install/status_interfaces/share/status_interfaces/cmake/status_interfaces__rosidl_typesupport_introspection_cExport.cmake
[0.322s] -- Up-to-date: /home/darkhorse/project/ros2/CHAPT3/topic_sys_monitor_ws/install/status_interfaces/share/status_interfaces/cmake/status_interfaces__rosidl_typesupport_introspection_cExport-noconfig.cmake
[0.322s] -- Up-to-date: /home/darkhorse/project/ros2/CHAPT3/topic_sys_monitor_ws/install/status_interfaces/share/status_interfaces/cmake/status_interfaces__rosidl_typesupport_cExport.cmake
[0.322s] -- Up-to-date: /home/darkhorse/project/ros2/CHAPT3/topic_sys_monitor_ws/install/status_interfaces/share/status_interfaces/cmake/status_interfaces__rosidl_typesupport_cExport-noconfig.cmake
[0.322s] -- Up-to-date: /home/darkhorse/project/ros2/CHAPT3/topic_sys_monitor_ws/install/status_interfaces/share/status_interfaces/cmake/status_interfaces__rosidl_typesupport_introspection_cppExport.cmake
[0.322s] -- Up-to-date: /home/darkhorse/project/ros2/CHAPT3/topic_sys_monitor_ws/install/status_interfaces/share/status_interfaces/cmake/status_interfaces__rosidl_typesupport_introspection_cppExport-noconfig.cmake
[0.323s] -- Up-to-date: /home/darkhorse/project/ros2/CHAPT3/topic_sys_monitor_ws/install/status_interfaces/share/status_interfaces/cmake/status_interfaces__rosidl_typesupport_cppExport.cmake
[0.323s] -- Up-to-date: /home/darkhorse/project/ros2/CHAPT3/topic_sys_monitor_ws/install/status_interfaces/share/status_interfaces/cmake/status_interfaces__rosidl_typesupport_cppExport-noconfig.cmake
[0.323s] -- Up-to-date: /home/darkhorse/project/ros2/CHAPT3/topic_sys_monitor_ws/install/status_interfaces/share/status_interfaces/cmake/export_status_interfaces__rosidl_generator_pyExport.cmake
[0.323s] -- Up-to-date: /home/darkhorse/project/ros2/CHAPT3/topic_sys_monitor_ws/install/status_interfaces/share/status_interfaces/cmake/export_status_interfaces__rosidl_generator_pyExport-noconfig.cmake
[0.323s] -- Up-to-date: /home/darkhorse/project/ros2/CHAPT3/topic_sys_monitor_ws/install/status_interfaces/share/status_interfaces/cmake/rosidl_cmake-extras.cmake
[0.323s] -- Up-to-date: /home/darkhorse/project/ros2/CHAPT3/topic_sys_monitor_ws/install/status_interfaces/share/status_interfaces/cmake/ament_cmake_export_dependencies-extras.cmake
[0.323s] -- Up-to-date: /home/darkhorse/project/ros2/CHAPT3/topic_sys_monitor_ws/install/status_interfaces/share/status_interfaces/cmake/ament_cmake_export_include_directories-extras.cmake
[0.323s] -- Up-to-date: /home/darkhorse/project/ros2/CHAPT3/topic_sys_monitor_ws/install/status_interfaces/share/status_interfaces/cmake/ament_cmake_export_libraries-extras.cmake
[0.323s] -- Up-to-date: /home/darkhorse/project/ros2/CHAPT3/topic_sys_monitor_ws/install/status_interfaces/share/status_interfaces/cmake/ament_cmake_export_targets-extras.cmake
[0.323s] -- Up-to-date: /home/darkhorse/project/ros2/CHAPT3/topic_sys_monitor_ws/install/status_interfaces/share/status_interfaces/cmake/rosidl_cmake_export_typesupport_targets-extras.cmake
[0.323s] -- Up-to-date: /home/darkhorse/project/ros2/CHAPT3/topic_sys_monitor_ws/install/status_interfaces/share/status_interfaces/cmake/rosidl_cmake_export_typesupport_libraries-extras.cmake
[0.323s] -- Up-to-date: /home/darkhorse/project/ros2/CHAPT3/topic_sys_monitor_ws/install/status_interfaces/share/status_interfaces/cmake/status_interfacesConfig.cmake
[0.324s] -- Up-to-date: /home/darkhorse/project/ros2/CHAPT3/topic_sys_monitor_ws/install/status_interfaces/share/status_interfaces/cmake/status_interfacesConfig-version.cmake
[0.324s] -- Up-to-date: /home/darkhorse/project/ros2/CHAPT3/topic_sys_monitor_ws/install/status_interfaces/share/status_interfaces/package.xml
[0.326s] Invoked command in '/home/darkhorse/project/ros2/CHAPT3/topic_sys_monitor_ws/build/status_interfaces' returned '0': CMAKE_PREFIX_PATH=${CMAKE_PREFIX_PATH}:/opt/ros/jazzy DEBUGINFOD_URLS=https://debuginfod.ubuntu.com /usr/bin/cmake --install /home/darkhorse/project/ros2/CHAPT3/topic_sys_monitor_ws/build/status_interfaces
